<?xml version="1.0" encoding="UTF-8"?>
<!-- Generated by org.testng.reporters.JUnitXMLReporter -->
<testsuite ignored="0" hostname="Macbook-Pro.local" failures="0" tests="42" name="Selenium OPEN_CART (Marionette Firefox)" time="155.724" errors="0" timestamp="2022-12-02T00:55:12 MST">
  <testcase classname="com.qa.opencart.test.ContactUsPageTest" name="validateContactUsTitleTest" time="1.436"/>
  <testcase classname="com.qa.opencart.test.LoginPageTest" name="validateLoginPageTitleTest" time="1.459"/>
  <testcase classname="com.qa.opencart.test.YourStorePageTest" name="validateYourPageLogoTest" time="0.234"/>
  <testcase classname="com.qa.opencart.test.RegisterPageTest" name="validateRegisterTitleTest" time="3.884"/>
  <testcase classname="com.qa.opencart.test.YourStorePageTest" name="validateYourPageTitleTest" time="0.029"/>
  <testcase classname="com.qa.opencart.test.LoginPageTest" name="doLoginValidCredentialsTest" time="3.437"/>
  <testcase classname="com.qa.opencart.test.ContactUsPageTest" name="doContactUsTest" time="4.147"/>
  <testcase classname="com.qa.opencart.test.YourStorePageTest" name="getCurrencyTest" time="1.63"/>
  <testcase classname="com.qa.opencart.test.RegisterPageTest" name="doRegisterNewCustomerTest" time="9.075"/>
  <testcase classname="com.qa.opencart.test.YourStorePageTest" name="doClickOnTheContactUsIconTest" time="1.275"/>
  <testcase classname="com.qa.opencart.test.LoginPageTest" name="doLoginNotExistingCredentialsTest" time="3.752"/>
  <testcase classname="com.qa.opencart.test.ContactUsPageTest" name="doContactUsInvalidYourNameMinimumValueTest" time="3.802"/>
  <testcase classname="com.qa.opencart.test.LoginPageTest" name="doLoginWrongEmailValidPswCredentialsTest" time="3.851"/>
  <testcase classname="com.qa.opencart.test.YourStorePageTest" name="doClickOnTheRegisterPage" time="4.965"/>
  <testcase classname="com.qa.opencart.test.ContactUsPageTest" name="doContactUsInvalidYourNameMaximumValueTest" time="4.693"/>
  <testcase classname="com.qa.opencart.test.RegisterPageTest" name="doRegisterExistingCustomerTest" time="9.122"/>
  <testcase classname="com.qa.opencart.test.YourStorePageTest" name="doClickOnTheLoginPage" time="1.069"/>
  <testcase classname="com.qa.opencart.test.LoginPageTest" name="doLoginValidEmailWrongPswCredentialsTest" time="2.993"/>
  <testcase classname="com.qa.opencart.test.ContactUsPageTest" name="doContactUsInvalidEmailAddressTest" time="3.223"/>
  <testcase classname="com.qa.opencart.test.YourStorePageTest" name="doClickOnTheShoppingCartPage" time="0.917"/>
  <testcase classname="com.qa.opencart.test.LoginPageTest" name="doLoginBetweenOneToFourValidPswCredentialsTest" time="2.256"/>
  <testcase classname="com.qa.opencart.test.ContactUsPageTest" name="doContactUsInvalidEnquiryMinimumValueTest" time="3.07"/>
  <testcase classname="com.qa.opencart.test.YourStorePageTest" name="doClickOnTheCheckOutPage" time="1.49"/>
  <testcase classname="com.qa.opencart.test.RegisterPageTest" name="doRegisterNewCustomerMinimumPhoneNumberValueTest" time="8.135"/>
  <testcase classname="com.qa.opencart.test.LoginPageTest" name="doLoginValidEmailJustNumbersPswCredentialsTest" time="3.042"/>
  <testcase classname="com.qa.opencart.test.YourStorePageTest" name="validateNavigationBarsTest" time="0.407"/>
  <testcase classname="com.qa.opencart.test.YourStorePageTest" name="featuredTest" time="0.306"/>
  <testcase classname="com.qa.opencart.test.LoginPageTest" name="doLoginBetweenOneToFourEmailJustNumbersPswCredentialsTest" time="2.649"/>
  <testcase classname="com.qa.opencart.test.RegisterPageTest" name="doRegisterNewCustomerMaximumPhoneNumberValueTest" time="9.519"/>
  <testcase classname="com.qa.opencart.test.ContactUsPageTest" name="doContactUsInvalidEnquiryMaximumValueTest" time="10.606"/>
  <testcase classname="com.qa.opencart.test.YourStorePageTest" name="adsQuantityTest" time="0.087"/>
  <testcase classname="com.qa.opencart.test.YourStorePageTest" name="adsTest" time="0.424"/>
  <testcase classname="com.qa.opencart.test.LoginPageTest" name="doLoginInvalidCredentialsTest" time="3.201"/>
  <testcase classname="com.qa.opencart.test.RegisterPageTest" name="doRegisterNewCustomerMinimumPasswordValueTest" time="7.567"/>
  <testcase classname="com.qa.opencart.test.LoginPageTest" name="doLogOutTest" time="4.19"/>
  <testcase classname="com.qa.opencart.test.RegisterPageTest" name="doRegisterNewCustomerMaximumPasswordValueTest" time="8.278"/>
  <testcase classname="com.qa.opencart.test.RegisterPageTest" name="doRegisterNewCustomerUnmatchedPasswordValueTest" time="7.291"/>
  <testcase classname="com.qa.opencart.test.RegisterPageTest" name="doRegisterNewCustomerMinimumPasswordValueUnmatchedTest" time="7.018"/>
  <testcase classname="com.qa.opencart.test.RegisterPageTest" name="doRegisterNewCustomerWithoutAgreementPolicyTest" time="6.077"/>
  <testcase classname="com.qa.opencart.test.RegisterPageTest" name="doForgotPasswordValidatePageTest" time="4.097"/>
  <testcase classname="com.qa.opencart.test.RegisterPageTest" name="doSendEmailForgotPasswordExistingCustomerTest" time="5.118"/>
  <testcase classname="com.qa.opencart.test.RegisterPageTest" name="doSendEmailForgotPasswordNewCustomerTest" time="4.991"/>
</testsuite> <!-- Selenium OPEN_CART (Marionette Firefox) -->
