<?xml version="1.0" encoding="UTF-8"?>
<!-- Generated by org.testng.reporters.JUnitXMLReporter -->
<testsuite ignored="0" hostname="Macbook-Pro.attlocal.net" failures="0" tests="36" name="Selenium OPEN_CART (Marionette Firefox)" time="85.547" errors="0" timestamp="2022-11-16T22:25:54 PST">
  <testcase classname="com.qa.opencart.test.YourStorePageTest" name="validateYourPageLogoTest" time="0.352"/>
  <testcase classname="com.qa.opencart.test.ContactUsPageTest" name="validateContactUsTitleTest" time="0.573"/>
  <testcase classname="com.qa.opencart.test.LoginPageTest" name="validateContactUsTitleTest" time="0.827"/>
  <testcase classname="com.qa.opencart.test.RegisterPageTest" name="validateRegisterTitleTest" time="1.15"/>
  <testcase classname="com.qa.opencart.test.YourStorePageTest" name="validateYourPageTitleTest" time="0.035"/>
  <testcase classname="com.qa.opencart.test.LoginPageTest" name="doLoginValidCredentialsTest" time="1.762"/>
  <testcase classname="com.qa.opencart.test.ContactUsPageTest" name="doContactUsTest" time="2.035"/>
  <testcase classname="com.qa.opencart.test.RegisterPageTest" name="doRegisterNewCustomerTest" time="3.359"/>
  <testcase classname="com.qa.opencart.test.YourStorePageTest" name="getCurrencyTest" time="0.971"/>
  <testcase classname="com.qa.opencart.test.LoginPageTest" name="doLoginInvalidCredentialsTest" time="1.186"/>
  <testcase classname="com.qa.opencart.test.ContactUsPageTest" name="doContactUsInvalidYourNameMinimumValueTest" time="1.191"/>
  <testcase classname="com.qa.opencart.test.RegisterPageTest" name="doRegisterExistingCustomerTest" time="1.98"/>
  <testcase classname="com.qa.opencart.test.YourStorePageTest" name="doClickOnTheContactUsIconTest" time="0.447"/>
  <testcase classname="com.qa.opencart.test.ContactUsPageTest" name="doContactUsInvalidYourNameMaximumValueTest" time="1.169"/>
  <testcase classname="com.qa.opencart.test.LoginPageTest" name="doLogOutTest" time="2.141"/>
  <testcase classname="com.qa.opencart.test.RegisterPageTest" name="doRegisterNewCustomerMinimumPhoneNumberValueTest" time="1.883"/>
  <testcase classname="com.qa.opencart.test.YourStorePageTest" name="doClickOnTheRegisterPage" time="1.143"/>
  <testcase classname="com.qa.opencart.test.ContactUsPageTest" name="doContactUsInvalidEmailAddressTest" time="1.003"/>
  <testcase classname="com.qa.opencart.test.YourStorePageTest" name="doClickOnTheLoginPage" time="0.629"/>
  <testcase classname="com.qa.opencart.test.RegisterPageTest" name="doRegisterNewCustomerMaximumPhoneNumberValueTest" time="1.795"/>
  <testcase classname="com.qa.opencart.test.ContactUsPageTest" name="doContactUsInvalidEnquiryMinimumValueTest" time="1.235"/>
  <testcase classname="com.qa.opencart.test.YourStorePageTest" name="doClickOnTheShoppingCartPage" time="0.429"/>
  <testcase classname="com.qa.opencart.test.RegisterPageTest" name="doRegisterNewCustomerMinimumPasswordValueTest" time="2.283"/>
  <testcase classname="com.qa.opencart.test.YourStorePageTest" name="doClickOnTheCheckOutPage" time="0.586"/>
  <testcase classname="com.qa.opencart.test.ContactUsPageTest" name="doContactUsInvalidEnquiryMaximumValueTest" time="2.417"/>
  <testcase classname="com.qa.opencart.test.RegisterPageTest" name="doRegisterNewCustomerMaximumPasswordValueTest" time="1.762"/>
  <testcase classname="com.qa.opencart.test.YourStorePageTest" name="validateNavigationBarsTest" time="0.189"/>
  <testcase classname="com.qa.opencart.test.YourStorePageTest" name="featuredTest" time="0.059"/>
  <testcase classname="com.qa.opencart.test.RegisterPageTest" name="doRegisterNewCustomerUnmatchedPasswordValueTest" time="2.512"/>
  <testcase classname="com.qa.opencart.test.YourStorePageTest" name="adsQuantityTest" time="0.023"/>
  <testcase classname="com.qa.opencart.test.YourStorePageTest" name="adsTest" time="0.179"/>
  <testcase classname="com.qa.opencart.test.RegisterPageTest" name="doRegisterNewCustomerMinimumPasswordValueUnmatchedTest" time="1.9"/>
  <testcase classname="com.qa.opencart.test.RegisterPageTest" name="doRegisterNewCustomerWithoutAgreementPolicyTest" time="1.89"/>
  <testcase classname="com.qa.opencart.test.RegisterPageTest" name="doForgotPasswordValidatePageTest" time="1.337"/>
  <testcase classname="com.qa.opencart.test.RegisterPageTest" name="doSendEmailForgotPasswordExistingCustomerTest" time="2.351"/>
  <testcase classname="com.qa.opencart.test.RegisterPageTest" name="doSendEmailForgotPasswordNewCustomerTest" time="1.937"/>
</testsuite> <!-- Selenium OPEN_CART (Marionette Firefox) -->
