<?xml version="1.0" encoding="UTF-8"?>
<testng-results ignored="0" total="42" passed="42" failed="0" skipped="0">
  <reporter-output>
  </reporter-output>
  <suite started-at="2022-12-02T00:52:36 MST" name="Smoke Test Suite TestNG OPEN_CART" finished-at="2022-12-02T00:55:12 MST" duration-ms="155724">
    <groups>
    </groups>
    <test started-at="2022-12-02T00:52:36 MST" name="Selenium OPEN_CART (Marionette Firefox)" finished-at="2022-12-02T00:55:12 MST" duration-ms="155724">
      <class name="com.qa.opencart.test.RegisterPageTest">
        <test-method is-config="true" signature="startUp(java.lang.String)[pri:0, instance:com.qa.opencart.test.RegisterPageTest@26d9b808]" started-at="2022-12-02T00:52:36 MST" name="startUp" finished-at="2022-12-02T00:52:45 MST" duration-ms="9257" status="PASS">
          <params>
            <param index="0">
              <value>
                <![CDATA[firefox]]>
              </value>
            </param>
          </params>
          <reporter-output>
          </reporter-output>
        </test-method> <!-- startUp -->
        <test-method signature="validateRegisterTitleTest()[pri:1, instance:com.qa.opencart.test.RegisterPageTest@26d9b808]" started-at="2022-12-02T00:52:45 MST" name="validateRegisterTitleTest" finished-at="2022-12-02T00:52:49 MST" duration-ms="3884" status="PASS">
          <reporter-output>
          </reporter-output>
        </test-method> <!-- validateRegisterTitleTest -->
        <test-method is-config="true" signature="tearDown(org.testng.ITestResult)[pri:0, instance:com.qa.opencart.test.RegisterPageTest@26d9b808]" started-at="2022-12-02T00:52:49 MST" name="tearDown" finished-at="2022-12-02T00:52:49 MST" duration-ms="110" status="PASS">
          <params>
            <param index="0">
              <value>
                <![CDATA[[TestResult name=validateRegisterTitleTest status=SUCCESS method=RegisterPageTest.validateRegisterTitleTest()[pri:1, instance:com.qa.opencart.test.RegisterPageTest@26d9b808] output={null}]]]>
              </value>
            </param>
          </params>
          <reporter-output>
          </reporter-output>
        </test-method> <!-- tearDown -->
        <test-method is-config="true" signature="startUp(java.lang.String)[pri:0, instance:com.qa.opencart.test.RegisterPageTest@26d9b808]" started-at="2022-12-02T00:52:49 MST" name="startUp" finished-at="2022-12-02T00:52:54 MST" duration-ms="4510" status="PASS">
          <params>
            <param index="0">
              <value>
                <![CDATA[firefox]]>
              </value>
            </param>
          </params>
          <reporter-output>
          </reporter-output>
        </test-method> <!-- startUp -->
        <test-method signature="doRegisterNewCustomerTest()[pri:2, instance:com.qa.opencart.test.RegisterPageTest@26d9b808]" started-at="2022-12-02T00:52:54 MST" name="doRegisterNewCustomerTest" finished-at="2022-12-02T00:53:03 MST" duration-ms="9075" status="PASS">
          <reporter-output>
          </reporter-output>
        </test-method> <!-- doRegisterNewCustomerTest -->
        <test-method is-config="true" signature="tearDown(org.testng.ITestResult)[pri:0, instance:com.qa.opencart.test.RegisterPageTest@26d9b808]" started-at="2022-12-02T00:53:03 MST" name="tearDown" finished-at="2022-12-02T00:53:03 MST" duration-ms="112" status="PASS">
          <params>
            <param index="0">
              <value>
                <![CDATA[[TestResult name=doRegisterNewCustomerTest status=SUCCESS method=RegisterPageTest.doRegisterNewCustomerTest()[pri:2, instance:com.qa.opencart.test.RegisterPageTest@26d9b808] output={null}]]]>
              </value>
            </param>
          </params>
          <reporter-output>
          </reporter-output>
        </test-method> <!-- tearDown -->
        <test-method is-config="true" signature="startUp(java.lang.String)[pri:0, instance:com.qa.opencart.test.RegisterPageTest@26d9b808]" started-at="2022-12-02T00:53:03 MST" name="startUp" finished-at="2022-12-02T00:53:08 MST" duration-ms="5237" status="PASS">
          <params>
            <param index="0">
              <value>
                <![CDATA[firefox]]>
              </value>
            </param>
          </params>
          <reporter-output>
          </reporter-output>
        </test-method> <!-- startUp -->
        <test-method signature="doRegisterExistingCustomerTest()[pri:3, instance:com.qa.opencart.test.RegisterPageTest@26d9b808]" started-at="2022-12-02T00:53:08 MST" name="doRegisterExistingCustomerTest" finished-at="2022-12-02T00:53:17 MST" duration-ms="9122" status="PASS">
          <reporter-output>
          </reporter-output>
        </test-method> <!-- doRegisterExistingCustomerTest -->
        <test-method is-config="true" signature="tearDown(org.testng.ITestResult)[pri:0, instance:com.qa.opencart.test.RegisterPageTest@26d9b808]" started-at="2022-12-02T00:53:17 MST" name="tearDown" finished-at="2022-12-02T00:53:18 MST" duration-ms="118" status="PASS">
          <params>
            <param index="0">
              <value>
                <![CDATA[[TestResult name=doRegisterExistingCustomerTest status=SUCCESS method=RegisterPageTest.doRegisterExistingCustomerTest()[pri:3, instance:com.qa.opencart.test.RegisterPageTest@26d9b808] output={null}]]]>
              </value>
            </param>
          </params>
          <reporter-output>
          </reporter-output>
        </test-method> <!-- tearDown -->
        <test-method is-config="true" signature="startUp(java.lang.String)[pri:0, instance:com.qa.opencart.test.RegisterPageTest@26d9b808]" started-at="2022-12-02T00:53:18 MST" name="startUp" finished-at="2022-12-02T00:53:22 MST" duration-ms="4542" status="PASS">
          <params>
            <param index="0">
              <value>
                <![CDATA[firefox]]>
              </value>
            </param>
          </params>
          <reporter-output>
          </reporter-output>
        </test-method> <!-- startUp -->
        <test-method signature="doRegisterNewCustomerMinimumPhoneNumberValueTest()[pri:4, instance:com.qa.opencart.test.RegisterPageTest@26d9b808]" started-at="2022-12-02T00:53:22 MST" name="doRegisterNewCustomerMinimumPhoneNumberValueTest" finished-at="2022-12-02T00:53:30 MST" duration-ms="8135" status="PASS">
          <reporter-output>
          </reporter-output>
        </test-method> <!-- doRegisterNewCustomerMinimumPhoneNumberValueTest -->
        <test-method is-config="true" signature="tearDown(org.testng.ITestResult)[pri:0, instance:com.qa.opencart.test.RegisterPageTest@26d9b808]" started-at="2022-12-02T00:53:30 MST" name="tearDown" finished-at="2022-12-02T00:53:30 MST" duration-ms="110" status="PASS">
          <params>
            <param index="0">
              <value>
                <![CDATA[[TestResult name=doRegisterNewCustomerMinimumPhoneNumberValueTest status=SUCCESS method=RegisterPageTest.doRegisterNewCustomerMinimumPhoneNumberValueTest()[pri:4, instance:com.qa.opencart.test.RegisterPageTest@26d9b808] output={null}]]]>
              </value>
            </param>
          </params>
          <reporter-output>
          </reporter-output>
        </test-method> <!-- tearDown -->
        <test-method is-config="true" signature="startUp(java.lang.String)[pri:0, instance:com.qa.opencart.test.RegisterPageTest@26d9b808]" started-at="2022-12-02T00:53:30 MST" name="startUp" finished-at="2022-12-02T00:53:34 MST" duration-ms="4068" status="PASS">
          <params>
            <param index="0">
              <value>
                <![CDATA[firefox]]>
              </value>
            </param>
          </params>
          <reporter-output>
          </reporter-output>
        </test-method> <!-- startUp -->
        <test-method signature="doRegisterNewCustomerMaximumPhoneNumberValueTest()[pri:5, instance:com.qa.opencart.test.RegisterPageTest@26d9b808]" started-at="2022-12-02T00:53:34 MST" name="doRegisterNewCustomerMaximumPhoneNumberValueTest" finished-at="2022-12-02T00:53:44 MST" duration-ms="9519" status="PASS">
          <reporter-output>
          </reporter-output>
        </test-method> <!-- doRegisterNewCustomerMaximumPhoneNumberValueTest -->
        <test-method is-config="true" signature="tearDown(org.testng.ITestResult)[pri:0, instance:com.qa.opencart.test.RegisterPageTest@26d9b808]" started-at="2022-12-02T00:53:44 MST" name="tearDown" finished-at="2022-12-02T00:53:44 MST" duration-ms="121" status="PASS">
          <params>
            <param index="0">
              <value>
                <![CDATA[[TestResult name=doRegisterNewCustomerMaximumPhoneNumberValueTest status=SUCCESS method=RegisterPageTest.doRegisterNewCustomerMaximumPhoneNumberValueTest()[pri:5, instance:com.qa.opencart.test.RegisterPageTest@26d9b808] output={null}]]]>
              </value>
            </param>
          </params>
          <reporter-output>
          </reporter-output>
        </test-method> <!-- tearDown -->
        <test-method is-config="true" signature="startUp(java.lang.String)[pri:0, instance:com.qa.opencart.test.RegisterPageTest@26d9b808]" started-at="2022-12-02T00:53:44 MST" name="startUp" finished-at="2022-12-02T00:53:48 MST" duration-ms="4367" status="PASS">
          <params>
            <param index="0">
              <value>
                <![CDATA[firefox]]>
              </value>
            </param>
          </params>
          <reporter-output>
          </reporter-output>
        </test-method> <!-- startUp -->
        <test-method signature="doRegisterNewCustomerMinimumPasswordValueTest()[pri:6, instance:com.qa.opencart.test.RegisterPageTest@26d9b808]" started-at="2022-12-02T00:53:48 MST" name="doRegisterNewCustomerMinimumPasswordValueTest" finished-at="2022-12-02T00:53:56 MST" duration-ms="7567" status="PASS">
          <reporter-output>
          </reporter-output>
        </test-method> <!-- doRegisterNewCustomerMinimumPasswordValueTest -->
        <test-method is-config="true" signature="tearDown(org.testng.ITestResult)[pri:0, instance:com.qa.opencart.test.RegisterPageTest@26d9b808]" started-at="2022-12-02T00:53:56 MST" name="tearDown" finished-at="2022-12-02T00:53:56 MST" duration-ms="112" status="PASS">
          <params>
            <param index="0">
              <value>
                <![CDATA[[TestResult name=doRegisterNewCustomerMinimumPasswordValueTest status=SUCCESS method=RegisterPageTest.doRegisterNewCustomerMinimumPasswordValueTest()[pri:6, instance:com.qa.opencart.test.RegisterPageTest@26d9b808] output={null}]]]>
              </value>
            </param>
          </params>
          <reporter-output>
          </reporter-output>
        </test-method> <!-- tearDown -->
        <test-method is-config="true" signature="startUp(java.lang.String)[pri:0, instance:com.qa.opencart.test.RegisterPageTest@26d9b808]" started-at="2022-12-02T00:53:56 MST" name="startUp" finished-at="2022-12-02T00:54:01 MST" duration-ms="4433" status="PASS">
          <params>
            <param index="0">
              <value>
                <![CDATA[firefox]]>
              </value>
            </param>
          </params>
          <reporter-output>
          </reporter-output>
        </test-method> <!-- startUp -->
        <test-method signature="doRegisterNewCustomerMaximumPasswordValueTest()[pri:7, instance:com.qa.opencart.test.RegisterPageTest@26d9b808]" started-at="2022-12-02T00:54:01 MST" name="doRegisterNewCustomerMaximumPasswordValueTest" finished-at="2022-12-02T00:54:09 MST" duration-ms="8278" status="PASS">
          <reporter-output>
          </reporter-output>
        </test-method> <!-- doRegisterNewCustomerMaximumPasswordValueTest -->
        <test-method is-config="true" signature="tearDown(org.testng.ITestResult)[pri:0, instance:com.qa.opencart.test.RegisterPageTest@26d9b808]" started-at="2022-12-02T00:54:09 MST" name="tearDown" finished-at="2022-12-02T00:54:09 MST" duration-ms="111" status="PASS">
          <params>
            <param index="0">
              <value>
                <![CDATA[[TestResult name=doRegisterNewCustomerMaximumPasswordValueTest status=SUCCESS method=RegisterPageTest.doRegisterNewCustomerMaximumPasswordValueTest()[pri:7, instance:com.qa.opencart.test.RegisterPageTest@26d9b808] output={null}]]]>
              </value>
            </param>
          </params>
          <reporter-output>
          </reporter-output>
        </test-method> <!-- tearDown -->
        <test-method is-config="true" signature="startUp(java.lang.String)[pri:0, instance:com.qa.opencart.test.RegisterPageTest@26d9b808]" started-at="2022-12-02T00:54:09 MST" name="startUp" finished-at="2022-12-02T00:54:13 MST" duration-ms="4421" status="PASS">
          <params>
            <param index="0">
              <value>
                <![CDATA[firefox]]>
              </value>
            </param>
          </params>
          <reporter-output>
          </reporter-output>
        </test-method> <!-- startUp -->
        <test-method signature="doRegisterNewCustomerUnmatchedPasswordValueTest()[pri:8, instance:com.qa.opencart.test.RegisterPageTest@26d9b808]" started-at="2022-12-02T00:54:13 MST" name="doRegisterNewCustomerUnmatchedPasswordValueTest" finished-at="2022-12-02T00:54:21 MST" duration-ms="7291" status="PASS">
          <reporter-output>
          </reporter-output>
        </test-method> <!-- doRegisterNewCustomerUnmatchedPasswordValueTest -->
        <test-method is-config="true" signature="tearDown(org.testng.ITestResult)[pri:0, instance:com.qa.opencart.test.RegisterPageTest@26d9b808]" started-at="2022-12-02T00:54:21 MST" name="tearDown" finished-at="2022-12-02T00:54:21 MST" duration-ms="118" status="PASS">
          <params>
            <param index="0">
              <value>
                <![CDATA[[TestResult name=doRegisterNewCustomerUnmatchedPasswordValueTest status=SUCCESS method=RegisterPageTest.doRegisterNewCustomerUnmatchedPasswordValueTest()[pri:8, instance:com.qa.opencart.test.RegisterPageTest@26d9b808] output={null}]]]>
              </value>
            </param>
          </params>
          <reporter-output>
          </reporter-output>
        </test-method> <!-- tearDown -->
        <test-method is-config="true" signature="startUp(java.lang.String)[pri:0, instance:com.qa.opencart.test.RegisterPageTest@26d9b808]" started-at="2022-12-02T00:54:21 MST" name="startUp" finished-at="2022-12-02T00:54:26 MST" duration-ms="5095" status="PASS">
          <params>
            <param index="0">
              <value>
                <![CDATA[firefox]]>
              </value>
            </param>
          </params>
          <reporter-output>
          </reporter-output>
        </test-method> <!-- startUp -->
        <test-method signature="doRegisterNewCustomerMinimumPasswordValueUnmatchedTest()[pri:9, instance:com.qa.opencart.test.RegisterPageTest@26d9b808]" started-at="2022-12-02T00:54:26 MST" name="doRegisterNewCustomerMinimumPasswordValueUnmatchedTest" finished-at="2022-12-02T00:54:33 MST" duration-ms="7018" status="PASS">
          <reporter-output>
          </reporter-output>
        </test-method> <!-- doRegisterNewCustomerMinimumPasswordValueUnmatchedTest -->
        <test-method is-config="true" signature="tearDown(org.testng.ITestResult)[pri:0, instance:com.qa.opencart.test.RegisterPageTest@26d9b808]" started-at="2022-12-02T00:54:33 MST" name="tearDown" finished-at="2022-12-02T00:54:33 MST" duration-ms="113" status="PASS">
          <params>
            <param index="0">
              <value>
                <![CDATA[[TestResult name=doRegisterNewCustomerMinimumPasswordValueUnmatchedTest status=SUCCESS method=RegisterPageTest.doRegisterNewCustomerMinimumPasswordValueUnmatchedTest()[pri:9, instance:com.qa.opencart.test.RegisterPageTest@26d9b808] output={null}]]]>
              </value>
            </param>
          </params>
          <reporter-output>
          </reporter-output>
        </test-method> <!-- tearDown -->
        <test-method is-config="true" signature="startUp(java.lang.String)[pri:0, instance:com.qa.opencart.test.RegisterPageTest@26d9b808]" started-at="2022-12-02T00:54:33 MST" name="startUp" finished-at="2022-12-02T00:54:37 MST" duration-ms="4355" status="PASS">
          <params>
            <param index="0">
              <value>
                <![CDATA[firefox]]>
              </value>
            </param>
          </params>
          <reporter-output>
          </reporter-output>
        </test-method> <!-- startUp -->
        <test-method signature="doRegisterNewCustomerWithoutAgreementPolicyTest()[pri:10, instance:com.qa.opencart.test.RegisterPageTest@26d9b808]" started-at="2022-12-02T00:54:37 MST" name="doRegisterNewCustomerWithoutAgreementPolicyTest" finished-at="2022-12-02T00:54:43 MST" duration-ms="6077" status="PASS">
          <reporter-output>
          </reporter-output>
        </test-method> <!-- doRegisterNewCustomerWithoutAgreementPolicyTest -->
        <test-method is-config="true" signature="tearDown(org.testng.ITestResult)[pri:0, instance:com.qa.opencart.test.RegisterPageTest@26d9b808]" started-at="2022-12-02T00:54:43 MST" name="tearDown" finished-at="2022-12-02T00:54:44 MST" duration-ms="112" status="PASS">
          <params>
            <param index="0">
              <value>
                <![CDATA[[TestResult name=doRegisterNewCustomerWithoutAgreementPolicyTest status=SUCCESS method=RegisterPageTest.doRegisterNewCustomerWithoutAgreementPolicyTest()[pri:10, instance:com.qa.opencart.test.RegisterPageTest@26d9b808] output={null}]]]>
              </value>
            </param>
          </params>
          <reporter-output>
          </reporter-output>
        </test-method> <!-- tearDown -->
        <test-method is-config="true" signature="startUp(java.lang.String)[pri:0, instance:com.qa.opencart.test.RegisterPageTest@26d9b808]" started-at="2022-12-02T00:54:44 MST" name="startUp" finished-at="2022-12-02T00:54:48 MST" duration-ms="4709" status="PASS">
          <params>
            <param index="0">
              <value>
                <![CDATA[firefox]]>
              </value>
            </param>
          </params>
          <reporter-output>
          </reporter-output>
        </test-method> <!-- startUp -->
        <test-method signature="doForgotPasswordValidatePageTest()[pri:11, instance:com.qa.opencart.test.RegisterPageTest@26d9b808]" started-at="2022-12-02T00:54:48 MST" name="doForgotPasswordValidatePageTest" finished-at="2022-12-02T00:54:52 MST" duration-ms="4097" status="PASS">
          <reporter-output>
          </reporter-output>
        </test-method> <!-- doForgotPasswordValidatePageTest -->
        <test-method is-config="true" signature="tearDown(org.testng.ITestResult)[pri:0, instance:com.qa.opencart.test.RegisterPageTest@26d9b808]" started-at="2022-12-02T00:54:52 MST" name="tearDown" finished-at="2022-12-02T00:54:52 MST" duration-ms="111" status="PASS">
          <params>
            <param index="0">
              <value>
                <![CDATA[[TestResult name=doForgotPasswordValidatePageTest status=SUCCESS method=RegisterPageTest.doForgotPasswordValidatePageTest()[pri:11, instance:com.qa.opencart.test.RegisterPageTest@26d9b808] output={null}]]]>
              </value>
            </param>
          </params>
          <reporter-output>
          </reporter-output>
        </test-method> <!-- tearDown -->
        <test-method is-config="true" signature="startUp(java.lang.String)[pri:0, instance:com.qa.opencart.test.RegisterPageTest@26d9b808]" started-at="2022-12-02T00:54:52 MST" name="startUp" finished-at="2022-12-02T00:54:57 MST" duration-ms="4666" status="PASS">
          <params>
            <param index="0">
              <value>
                <![CDATA[firefox]]>
              </value>
            </param>
          </params>
          <reporter-output>
          </reporter-output>
        </test-method> <!-- startUp -->
        <test-method signature="doSendEmailForgotPasswordExistingCustomerTest()[pri:12, instance:com.qa.opencart.test.RegisterPageTest@26d9b808]" started-at="2022-12-02T00:54:57 MST" name="doSendEmailForgotPasswordExistingCustomerTest" finished-at="2022-12-02T00:55:02 MST" duration-ms="5118" status="PASS">
          <reporter-output>
          </reporter-output>
        </test-method> <!-- doSendEmailForgotPasswordExistingCustomerTest -->
        <test-method is-config="true" signature="tearDown(org.testng.ITestResult)[pri:0, instance:com.qa.opencart.test.RegisterPageTest@26d9b808]" started-at="2022-12-02T00:55:02 MST" name="tearDown" finished-at="2022-12-02T00:55:02 MST" duration-ms="107" status="PASS">
          <params>
            <param index="0">
              <value>
                <![CDATA[[TestResult name=doSendEmailForgotPasswordExistingCustomerTest status=SUCCESS method=RegisterPageTest.doSendEmailForgotPasswordExistingCustomerTest()[pri:12, instance:com.qa.opencart.test.RegisterPageTest@26d9b808] output={null}]]]>
              </value>
            </param>
          </params>
          <reporter-output>
          </reporter-output>
        </test-method> <!-- tearDown -->
        <test-method is-config="true" signature="startUp(java.lang.String)[pri:0, instance:com.qa.opencart.test.RegisterPageTest@26d9b808]" started-at="2022-12-02T00:55:02 MST" name="startUp" finished-at="2022-12-02T00:55:07 MST" duration-ms="4164" status="PASS">
          <params>
            <param index="0">
              <value>
                <![CDATA[firefox]]>
              </value>
            </param>
          </params>
          <reporter-output>
          </reporter-output>
        </test-method> <!-- startUp -->
        <test-method signature="doSendEmailForgotPasswordNewCustomerTest()[pri:13, instance:com.qa.opencart.test.RegisterPageTest@26d9b808]" started-at="2022-12-02T00:55:07 MST" name="doSendEmailForgotPasswordNewCustomerTest" finished-at="2022-12-02T00:55:11 MST" duration-ms="4991" status="PASS">
          <reporter-output>
          </reporter-output>
        </test-method> <!-- doSendEmailForgotPasswordNewCustomerTest -->
        <test-method is-config="true" signature="tearDown(org.testng.ITestResult)[pri:0, instance:com.qa.opencart.test.RegisterPageTest@26d9b808]" started-at="2022-12-02T00:55:11 MST" name="tearDown" finished-at="2022-12-02T00:55:12 MST" duration-ms="107" status="PASS">
          <params>
            <param index="0">
              <value>
                <![CDATA[[TestResult name=doSendEmailForgotPasswordNewCustomerTest status=SUCCESS method=RegisterPageTest.doSendEmailForgotPasswordNewCustomerTest()[pri:13, instance:com.qa.opencart.test.RegisterPageTest@26d9b808] output={null}]]]>
              </value>
            </param>
          </params>
          <reporter-output>
          </reporter-output>
        </test-method> <!-- tearDown -->
      </class> <!-- com.qa.opencart.test.RegisterPageTest -->
      <class name="com.qa.opencart.test.LoginPageTest">
        <test-method is-config="true" signature="startUp(java.lang.String)[pri:0, instance:com.qa.opencart.test.LoginPageTest@f78a47e]" started-at="2022-12-02T00:52:36 MST" name="startUp" finished-at="2022-12-02T00:52:45 MST" duration-ms="9274" status="PASS">
          <params>
            <param index="0">
              <value>
                <![CDATA[firefox]]>
              </value>
            </param>
          </params>
          <reporter-output>
          </reporter-output>
        </test-method> <!-- startUp -->
        <test-method signature="validateLoginPageTitleTest()[pri:1, instance:com.qa.opencart.test.LoginPageTest@f78a47e]" started-at="2022-12-02T00:52:45 MST" name="validateLoginPageTitleTest" finished-at="2022-12-02T00:52:47 MST" duration-ms="1459" status="PASS">
          <reporter-output>
          </reporter-output>
        </test-method> <!-- validateLoginPageTitleTest -->
        <test-method is-config="true" signature="tearDown(org.testng.ITestResult)[pri:0, instance:com.qa.opencart.test.LoginPageTest@f78a47e]" started-at="2022-12-02T00:52:47 MST" name="tearDown" finished-at="2022-12-02T00:52:47 MST" duration-ms="125" status="PASS">
          <params>
            <param index="0">
              <value>
                <![CDATA[[TestResult name=validateLoginPageTitleTest status=SUCCESS method=LoginPageTest.validateLoginPageTitleTest()[pri:1, instance:com.qa.opencart.test.LoginPageTest@f78a47e] output={null}]]]>
              </value>
            </param>
          </params>
          <reporter-output>
          </reporter-output>
        </test-method> <!-- tearDown -->
        <test-method is-config="true" signature="startUp(java.lang.String)[pri:0, instance:com.qa.opencart.test.LoginPageTest@f78a47e]" started-at="2022-12-02T00:52:47 MST" name="startUp" finished-at="2022-12-02T00:52:52 MST" duration-ms="4935" status="PASS">
          <params>
            <param index="0">
              <value>
                <![CDATA[firefox]]>
              </value>
            </param>
          </params>
          <reporter-output>
          </reporter-output>
        </test-method> <!-- startUp -->
        <test-method signature="doLoginValidCredentialsTest()[pri:2, instance:com.qa.opencart.test.LoginPageTest@f78a47e]" started-at="2022-12-02T00:52:52 MST" name="doLoginValidCredentialsTest" finished-at="2022-12-02T00:52:55 MST" duration-ms="3437" status="PASS">
          <reporter-output>
          </reporter-output>
        </test-method> <!-- doLoginValidCredentialsTest -->
        <test-method is-config="true" signature="tearDown(org.testng.ITestResult)[pri:0, instance:com.qa.opencart.test.LoginPageTest@f78a47e]" started-at="2022-12-02T00:52:55 MST" name="tearDown" finished-at="2022-12-02T00:52:55 MST" duration-ms="110" status="PASS">
          <params>
            <param index="0">
              <value>
                <![CDATA[[TestResult name=doLoginValidCredentialsTest status=SUCCESS method=LoginPageTest.doLoginValidCredentialsTest()[pri:2, instance:com.qa.opencart.test.LoginPageTest@f78a47e] output={null}]]]>
              </value>
            </param>
          </params>
          <reporter-output>
          </reporter-output>
        </test-method> <!-- tearDown -->
        <test-method is-config="true" signature="startUp(java.lang.String)[pri:0, instance:com.qa.opencart.test.LoginPageTest@f78a47e]" started-at="2022-12-02T00:52:55 MST" name="startUp" finished-at="2022-12-02T00:53:00 MST" duration-ms="4936" status="PASS">
          <params>
            <param index="0">
              <value>
                <![CDATA[firefox]]>
              </value>
            </param>
          </params>
          <reporter-output>
          </reporter-output>
        </test-method> <!-- startUp -->
        <test-method signature="doLoginNotExistingCredentialsTest()[pri:3, instance:com.qa.opencart.test.LoginPageTest@f78a47e]" started-at="2022-12-02T00:53:00 MST" name="doLoginNotExistingCredentialsTest" finished-at="2022-12-02T00:53:04 MST" duration-ms="3752" status="PASS">
          <reporter-output>
          </reporter-output>
        </test-method> <!-- doLoginNotExistingCredentialsTest -->
        <test-method is-config="true" signature="tearDown(org.testng.ITestResult)[pri:0, instance:com.qa.opencart.test.LoginPageTest@f78a47e]" started-at="2022-12-02T00:53:04 MST" name="tearDown" finished-at="2022-12-02T00:53:04 MST" duration-ms="117" status="PASS">
          <params>
            <param index="0">
              <value>
                <![CDATA[[TestResult name=doLoginNotExistingCredentialsTest status=SUCCESS method=LoginPageTest.doLoginNotExistingCredentialsTest()[pri:3, instance:com.qa.opencart.test.LoginPageTest@f78a47e] output={null}]]]>
              </value>
            </param>
          </params>
          <reporter-output>
          </reporter-output>
        </test-method> <!-- tearDown -->
        <test-method is-config="true" signature="startUp(java.lang.String)[pri:0, instance:com.qa.opencart.test.LoginPageTest@f78a47e]" started-at="2022-12-02T00:53:04 MST" name="startUp" finished-at="2022-12-02T00:53:09 MST" duration-ms="4837" status="PASS">
          <params>
            <param index="0">
              <value>
                <![CDATA[firefox]]>
              </value>
            </param>
          </params>
          <reporter-output>
          </reporter-output>
        </test-method> <!-- startUp -->
        <test-method signature="doLoginWrongEmailValidPswCredentialsTest()[pri:4, instance:com.qa.opencart.test.LoginPageTest@f78a47e]" started-at="2022-12-02T00:53:09 MST" name="doLoginWrongEmailValidPswCredentialsTest" finished-at="2022-12-02T00:53:13 MST" duration-ms="3851" status="PASS">
          <reporter-output>
          </reporter-output>
        </test-method> <!-- doLoginWrongEmailValidPswCredentialsTest -->
        <test-method is-config="true" signature="tearDown(org.testng.ITestResult)[pri:0, instance:com.qa.opencart.test.LoginPageTest@f78a47e]" started-at="2022-12-02T00:53:13 MST" name="tearDown" finished-at="2022-12-02T00:53:13 MST" duration-ms="118" status="PASS">
          <params>
            <param index="0">
              <value>
                <![CDATA[[TestResult name=doLoginWrongEmailValidPswCredentialsTest status=SUCCESS method=LoginPageTest.doLoginWrongEmailValidPswCredentialsTest()[pri:4, instance:com.qa.opencart.test.LoginPageTest@f78a47e] output={null}]]]>
              </value>
            </param>
          </params>
          <reporter-output>
          </reporter-output>
        </test-method> <!-- tearDown -->
        <test-method is-config="true" signature="startUp(java.lang.String)[pri:0, instance:com.qa.opencart.test.LoginPageTest@f78a47e]" started-at="2022-12-02T00:53:13 MST" name="startUp" finished-at="2022-12-02T00:53:18 MST" duration-ms="4526" status="PASS">
          <params>
            <param index="0">
              <value>
                <![CDATA[firefox]]>
              </value>
            </param>
          </params>
          <reporter-output>
          </reporter-output>
        </test-method> <!-- startUp -->
        <test-method signature="doLoginValidEmailWrongPswCredentialsTest()[pri:5, instance:com.qa.opencart.test.LoginPageTest@f78a47e]" started-at="2022-12-02T00:53:18 MST" name="doLoginValidEmailWrongPswCredentialsTest" finished-at="2022-12-02T00:53:21 MST" duration-ms="2993" status="PASS">
          <reporter-output>
          </reporter-output>
        </test-method> <!-- doLoginValidEmailWrongPswCredentialsTest -->
        <test-method is-config="true" signature="tearDown(org.testng.ITestResult)[pri:0, instance:com.qa.opencart.test.LoginPageTest@f78a47e]" started-at="2022-12-02T00:53:21 MST" name="tearDown" finished-at="2022-12-02T00:53:21 MST" duration-ms="107" status="PASS">
          <params>
            <param index="0">
              <value>
                <![CDATA[[TestResult name=doLoginValidEmailWrongPswCredentialsTest status=SUCCESS method=LoginPageTest.doLoginValidEmailWrongPswCredentialsTest()[pri:5, instance:com.qa.opencart.test.LoginPageTest@f78a47e] output={null}]]]>
              </value>
            </param>
          </params>
          <reporter-output>
          </reporter-output>
        </test-method> <!-- tearDown -->
        <test-method is-config="true" signature="startUp(java.lang.String)[pri:0, instance:com.qa.opencart.test.LoginPageTest@f78a47e]" started-at="2022-12-02T00:53:21 MST" name="startUp" finished-at="2022-12-02T00:53:25 MST" duration-ms="4138" status="PASS">
          <params>
            <param index="0">
              <value>
                <![CDATA[firefox]]>
              </value>
            </param>
          </params>
          <reporter-output>
          </reporter-output>
        </test-method> <!-- startUp -->
        <test-method signature="doLoginBetweenOneToFourValidPswCredentialsTest()[pri:6, instance:com.qa.opencart.test.LoginPageTest@f78a47e]" started-at="2022-12-02T00:53:25 MST" name="doLoginBetweenOneToFourValidPswCredentialsTest" finished-at="2022-12-02T00:53:27 MST" duration-ms="2256" status="PASS">
          <reporter-output>
          </reporter-output>
        </test-method> <!-- doLoginBetweenOneToFourValidPswCredentialsTest -->
        <test-method is-config="true" signature="tearDown(org.testng.ITestResult)[pri:0, instance:com.qa.opencart.test.LoginPageTest@f78a47e]" started-at="2022-12-02T00:53:27 MST" name="tearDown" finished-at="2022-12-02T00:53:27 MST" duration-ms="109" status="PASS">
          <params>
            <param index="0">
              <value>
                <![CDATA[[TestResult name=doLoginBetweenOneToFourValidPswCredentialsTest status=SUCCESS method=LoginPageTest.doLoginBetweenOneToFourValidPswCredentialsTest()[pri:6, instance:com.qa.opencart.test.LoginPageTest@f78a47e] output={null}]]]>
              </value>
            </param>
          </params>
          <reporter-output>
          </reporter-output>
        </test-method> <!-- tearDown -->
        <test-method is-config="true" signature="startUp(java.lang.String)[pri:0, instance:com.qa.opencart.test.LoginPageTest@f78a47e]" started-at="2022-12-02T00:53:27 MST" name="startUp" finished-at="2022-12-02T00:53:31 MST" duration-ms="4251" status="PASS">
          <params>
            <param index="0">
              <value>
                <![CDATA[firefox]]>
              </value>
            </param>
          </params>
          <reporter-output>
          </reporter-output>
        </test-method> <!-- startUp -->
        <test-method signature="doLoginValidEmailJustNumbersPswCredentialsTest()[pri:7, instance:com.qa.opencart.test.LoginPageTest@f78a47e]" started-at="2022-12-02T00:53:31 MST" name="doLoginValidEmailJustNumbersPswCredentialsTest" finished-at="2022-12-02T00:53:34 MST" duration-ms="3042" status="PASS">
          <reporter-output>
          </reporter-output>
        </test-method> <!-- doLoginValidEmailJustNumbersPswCredentialsTest -->
        <test-method is-config="true" signature="tearDown(org.testng.ITestResult)[pri:0, instance:com.qa.opencart.test.LoginPageTest@f78a47e]" started-at="2022-12-02T00:53:34 MST" name="tearDown" finished-at="2022-12-02T00:53:35 MST" duration-ms="112" status="PASS">
          <params>
            <param index="0">
              <value>
                <![CDATA[[TestResult name=doLoginValidEmailJustNumbersPswCredentialsTest status=SUCCESS method=LoginPageTest.doLoginValidEmailJustNumbersPswCredentialsTest()[pri:7, instance:com.qa.opencart.test.LoginPageTest@f78a47e] output={null}]]]>
              </value>
            </param>
          </params>
          <reporter-output>
          </reporter-output>
        </test-method> <!-- tearDown -->
        <test-method is-config="true" signature="startUp(java.lang.String)[pri:0, instance:com.qa.opencart.test.LoginPageTest@f78a47e]" started-at="2022-12-02T00:53:35 MST" name="startUp" finished-at="2022-12-02T00:53:39 MST" duration-ms="4382" status="PASS">
          <params>
            <param index="0">
              <value>
                <![CDATA[firefox]]>
              </value>
            </param>
          </params>
          <reporter-output>
          </reporter-output>
        </test-method> <!-- startUp -->
        <test-method signature="doLoginBetweenOneToFourEmailJustNumbersPswCredentialsTest()[pri:8, instance:com.qa.opencart.test.LoginPageTest@f78a47e]" started-at="2022-12-02T00:53:39 MST" name="doLoginBetweenOneToFourEmailJustNumbersPswCredentialsTest" finished-at="2022-12-02T00:53:42 MST" duration-ms="2649" status="PASS">
          <reporter-output>
          </reporter-output>
        </test-method> <!-- doLoginBetweenOneToFourEmailJustNumbersPswCredentialsTest -->
        <test-method is-config="true" signature="tearDown(org.testng.ITestResult)[pri:0, instance:com.qa.opencart.test.LoginPageTest@f78a47e]" started-at="2022-12-02T00:53:42 MST" name="tearDown" finished-at="2022-12-02T00:53:42 MST" duration-ms="111" status="PASS">
          <params>
            <param index="0">
              <value>
                <![CDATA[[TestResult name=doLoginBetweenOneToFourEmailJustNumbersPswCredentialsTest status=SUCCESS method=LoginPageTest.doLoginBetweenOneToFourEmailJustNumbersPswCredentialsTest()[pri:8, instance:com.qa.opencart.test.LoginPageTest@f78a47e] output={null}]]]>
              </value>
            </param>
          </params>
          <reporter-output>
          </reporter-output>
        </test-method> <!-- tearDown -->
        <test-method is-config="true" signature="startUp(java.lang.String)[pri:0, instance:com.qa.opencart.test.LoginPageTest@f78a47e]" started-at="2022-12-02T00:53:42 MST" name="startUp" finished-at="2022-12-02T00:53:46 MST" duration-ms="4624" status="PASS">
          <params>
            <param index="0">
              <value>
                <![CDATA[firefox]]>
              </value>
            </param>
          </params>
          <reporter-output>
          </reporter-output>
        </test-method> <!-- startUp -->
        <test-method signature="doLoginInvalidCredentialsTest()[pri:9, instance:com.qa.opencart.test.LoginPageTest@f78a47e]" started-at="2022-12-02T00:53:46 MST" name="doLoginInvalidCredentialsTest" finished-at="2022-12-02T00:53:50 MST" duration-ms="3201" status="PASS">
          <reporter-output>
          </reporter-output>
        </test-method> <!-- doLoginInvalidCredentialsTest -->
        <test-method is-config="true" signature="tearDown(org.testng.ITestResult)[pri:0, instance:com.qa.opencart.test.LoginPageTest@f78a47e]" started-at="2022-12-02T00:53:50 MST" name="tearDown" finished-at="2022-12-02T00:53:50 MST" duration-ms="112" status="PASS">
          <params>
            <param index="0">
              <value>
                <![CDATA[[TestResult name=doLoginInvalidCredentialsTest status=SUCCESS method=LoginPageTest.doLoginInvalidCredentialsTest()[pri:9, instance:com.qa.opencart.test.LoginPageTest@f78a47e] output={null}]]]>
              </value>
            </param>
          </params>
          <reporter-output>
          </reporter-output>
        </test-method> <!-- tearDown -->
        <test-method is-config="true" signature="startUp(java.lang.String)[pri:0, instance:com.qa.opencart.test.LoginPageTest@f78a47e]" started-at="2022-12-02T00:53:50 MST" name="startUp" finished-at="2022-12-02T00:53:54 MST" duration-ms="4385" status="PASS">
          <params>
            <param index="0">
              <value>
                <![CDATA[firefox]]>
              </value>
            </param>
          </params>
          <reporter-output>
          </reporter-output>
        </test-method> <!-- startUp -->
        <test-method signature="doLogOutTest()[pri:10, instance:com.qa.opencart.test.LoginPageTest@f78a47e]" started-at="2022-12-02T00:53:54 MST" name="doLogOutTest" finished-at="2022-12-02T00:53:58 MST" duration-ms="4190" status="PASS">
          <reporter-output>
          </reporter-output>
        </test-method> <!-- doLogOutTest -->
        <test-method is-config="true" signature="tearDown(org.testng.ITestResult)[pri:0, instance:com.qa.opencart.test.LoginPageTest@f78a47e]" started-at="2022-12-02T00:53:58 MST" name="tearDown" finished-at="2022-12-02T00:53:58 MST" duration-ms="111" status="PASS">
          <params>
            <param index="0">
              <value>
                <![CDATA[[TestResult name=doLogOutTest status=SUCCESS method=LoginPageTest.doLogOutTest()[pri:10, instance:com.qa.opencart.test.LoginPageTest@f78a47e] output={null}]]]>
              </value>
            </param>
          </params>
          <reporter-output>
          </reporter-output>
        </test-method> <!-- tearDown -->
      </class> <!-- com.qa.opencart.test.LoginPageTest -->
      <class name="com.qa.opencart.test.ContactUsPageTest">
        <test-method is-config="true" signature="startUp(java.lang.String)[pri:0, instance:com.qa.opencart.test.ContactUsPageTest@740cae06]" started-at="2022-12-02T00:52:36 MST" name="startUp" finished-at="2022-12-02T00:52:45 MST" duration-ms="9256" status="PASS">
          <params>
            <param index="0">
              <value>
                <![CDATA[firefox]]>
              </value>
            </param>
          </params>
          <reporter-output>
          </reporter-output>
        </test-method> <!-- startUp -->
        <test-method signature="validateContactUsTitleTest()[pri:1, instance:com.qa.opencart.test.ContactUsPageTest@740cae06]" started-at="2022-12-02T00:52:45 MST" name="validateContactUsTitleTest" finished-at="2022-12-02T00:52:47 MST" duration-ms="1436" status="PASS">
          <reporter-output>
          </reporter-output>
        </test-method> <!-- validateContactUsTitleTest -->
        <test-method is-config="true" signature="tearDown(org.testng.ITestResult)[pri:0, instance:com.qa.opencart.test.ContactUsPageTest@740cae06]" started-at="2022-12-02T00:52:47 MST" name="tearDown" finished-at="2022-12-02T00:52:47 MST" duration-ms="137" status="PASS">
          <params>
            <param index="0">
              <value>
                <![CDATA[[TestResult name=validateContactUsTitleTest status=SUCCESS method=ContactUsPageTest.validateContactUsTitleTest()[pri:1, instance:com.qa.opencart.test.ContactUsPageTest@740cae06] output={null}]]]>
              </value>
            </param>
          </params>
          <reporter-output>
          </reporter-output>
        </test-method> <!-- tearDown -->
        <test-method is-config="true" signature="startUp(java.lang.String)[pri:0, instance:com.qa.opencart.test.ContactUsPageTest@740cae06]" started-at="2022-12-02T00:52:47 MST" name="startUp" finished-at="2022-12-02T00:52:52 MST" duration-ms="4915" status="PASS">
          <params>
            <param index="0">
              <value>
                <![CDATA[firefox]]>
              </value>
            </param>
          </params>
          <reporter-output>
          </reporter-output>
        </test-method> <!-- startUp -->
        <test-method signature="doContactUsTest()[pri:2, instance:com.qa.opencart.test.ContactUsPageTest@740cae06]" started-at="2022-12-02T00:52:52 MST" name="doContactUsTest" finished-at="2022-12-02T00:52:56 MST" duration-ms="4147" status="PASS">
          <reporter-output>
          </reporter-output>
        </test-method> <!-- doContactUsTest -->
        <test-method is-config="true" signature="tearDown(org.testng.ITestResult)[pri:0, instance:com.qa.opencart.test.ContactUsPageTest@740cae06]" started-at="2022-12-02T00:52:56 MST" name="tearDown" finished-at="2022-12-02T00:52:56 MST" duration-ms="121" status="PASS">
          <params>
            <param index="0">
              <value>
                <![CDATA[[TestResult name=doContactUsTest status=SUCCESS method=ContactUsPageTest.doContactUsTest()[pri:2, instance:com.qa.opencart.test.ContactUsPageTest@740cae06] output={null}]]]>
              </value>
            </param>
          </params>
          <reporter-output>
          </reporter-output>
        </test-method> <!-- tearDown -->
        <test-method is-config="true" signature="startUp(java.lang.String)[pri:0, instance:com.qa.opencart.test.ContactUsPageTest@740cae06]" started-at="2022-12-02T00:52:56 MST" name="startUp" finished-at="2022-12-02T00:53:01 MST" duration-ms="5092" status="PASS">
          <params>
            <param index="0">
              <value>
                <![CDATA[firefox]]>
              </value>
            </param>
          </params>
          <reporter-output>
          </reporter-output>
        </test-method> <!-- startUp -->
        <test-method signature="doContactUsInvalidYourNameMinimumValueTest()[pri:3, instance:com.qa.opencart.test.ContactUsPageTest@740cae06]" started-at="2022-12-02T00:53:01 MST" name="doContactUsInvalidYourNameMinimumValueTest" finished-at="2022-12-02T00:53:05 MST" duration-ms="3802" status="PASS">
          <reporter-output>
          </reporter-output>
        </test-method> <!-- doContactUsInvalidYourNameMinimumValueTest -->
        <test-method is-config="true" signature="tearDown(org.testng.ITestResult)[pri:0, instance:com.qa.opencart.test.ContactUsPageTest@740cae06]" started-at="2022-12-02T00:53:05 MST" name="tearDown" finished-at="2022-12-02T00:53:05 MST" duration-ms="109" status="PASS">
          <params>
            <param index="0">
              <value>
                <![CDATA[[TestResult name=doContactUsInvalidYourNameMinimumValueTest status=SUCCESS method=ContactUsPageTest.doContactUsInvalidYourNameMinimumValueTest()[pri:3, instance:com.qa.opencart.test.ContactUsPageTest@740cae06] output={null}]]]>
              </value>
            </param>
          </params>
          <reporter-output>
          </reporter-output>
        </test-method> <!-- tearDown -->
        <test-method is-config="true" signature="startUp(java.lang.String)[pri:0, instance:com.qa.opencart.test.ContactUsPageTest@740cae06]" started-at="2022-12-02T00:53:05 MST" name="startUp" finished-at="2022-12-02T00:53:09 MST" duration-ms="4332" status="PASS">
          <params>
            <param index="0">
              <value>
                <![CDATA[firefox]]>
              </value>
            </param>
          </params>
          <reporter-output>
          </reporter-output>
        </test-method> <!-- startUp -->
        <test-method signature="doContactUsInvalidYourNameMaximumValueTest()[pri:4, instance:com.qa.opencart.test.ContactUsPageTest@740cae06]" started-at="2022-12-02T00:53:09 MST" name="doContactUsInvalidYourNameMaximumValueTest" finished-at="2022-12-02T00:53:14 MST" duration-ms="4693" status="PASS">
          <reporter-output>
          </reporter-output>
        </test-method> <!-- doContactUsInvalidYourNameMaximumValueTest -->
        <test-method is-config="true" signature="tearDown(org.testng.ITestResult)[pri:0, instance:com.qa.opencart.test.ContactUsPageTest@740cae06]" started-at="2022-12-02T00:53:14 MST" name="tearDown" finished-at="2022-12-02T00:53:14 MST" duration-ms="122" status="PASS">
          <params>
            <param index="0">
              <value>
                <![CDATA[[TestResult name=doContactUsInvalidYourNameMaximumValueTest status=SUCCESS method=ContactUsPageTest.doContactUsInvalidYourNameMaximumValueTest()[pri:4, instance:com.qa.opencart.test.ContactUsPageTest@740cae06] output={null}]]]>
              </value>
            </param>
          </params>
          <reporter-output>
          </reporter-output>
        </test-method> <!-- tearDown -->
        <test-method is-config="true" signature="startUp(java.lang.String)[pri:0, instance:com.qa.opencart.test.ContactUsPageTest@740cae06]" started-at="2022-12-02T00:53:14 MST" name="startUp" finished-at="2022-12-02T00:53:19 MST" duration-ms="4548" status="PASS">
          <params>
            <param index="0">
              <value>
                <![CDATA[firefox]]>
              </value>
            </param>
          </params>
          <reporter-output>
          </reporter-output>
        </test-method> <!-- startUp -->
        <test-method signature="doContactUsInvalidEmailAddressTest()[pri:5, instance:com.qa.opencart.test.ContactUsPageTest@740cae06]" started-at="2022-12-02T00:53:19 MST" name="doContactUsInvalidEmailAddressTest" finished-at="2022-12-02T00:53:22 MST" duration-ms="3223" status="PASS">
          <reporter-output>
          </reporter-output>
        </test-method> <!-- doContactUsInvalidEmailAddressTest -->
        <test-method is-config="true" signature="tearDown(org.testng.ITestResult)[pri:0, instance:com.qa.opencart.test.ContactUsPageTest@740cae06]" started-at="2022-12-02T00:53:22 MST" name="tearDown" finished-at="2022-12-02T00:53:22 MST" duration-ms="110" status="PASS">
          <params>
            <param index="0">
              <value>
                <![CDATA[[TestResult name=doContactUsInvalidEmailAddressTest status=SUCCESS method=ContactUsPageTest.doContactUsInvalidEmailAddressTest()[pri:5, instance:com.qa.opencart.test.ContactUsPageTest@740cae06] output={null}]]]>
              </value>
            </param>
          </params>
          <reporter-output>
          </reporter-output>
        </test-method> <!-- tearDown -->
        <test-method is-config="true" signature="startUp(java.lang.String)[pri:0, instance:com.qa.opencart.test.ContactUsPageTest@740cae06]" started-at="2022-12-02T00:53:22 MST" name="startUp" finished-at="2022-12-02T00:53:26 MST" duration-ms="4244" status="PASS">
          <params>
            <param index="0">
              <value>
                <![CDATA[firefox]]>
              </value>
            </param>
          </params>
          <reporter-output>
          </reporter-output>
        </test-method> <!-- startUp -->
        <test-method signature="doContactUsInvalidEnquiryMinimumValueTest()[pri:6, instance:com.qa.opencart.test.ContactUsPageTest@740cae06]" started-at="2022-12-02T00:53:26 MST" name="doContactUsInvalidEnquiryMinimumValueTest" finished-at="2022-12-02T00:53:30 MST" duration-ms="3070" status="PASS">
          <reporter-output>
          </reporter-output>
        </test-method> <!-- doContactUsInvalidEnquiryMinimumValueTest -->
        <test-method is-config="true" signature="tearDown(org.testng.ITestResult)[pri:0, instance:com.qa.opencart.test.ContactUsPageTest@740cae06]" started-at="2022-12-02T00:53:30 MST" name="tearDown" finished-at="2022-12-02T00:53:30 MST" duration-ms="118" status="PASS">
          <params>
            <param index="0">
              <value>
                <![CDATA[[TestResult name=doContactUsInvalidEnquiryMinimumValueTest status=SUCCESS method=ContactUsPageTest.doContactUsInvalidEnquiryMinimumValueTest()[pri:6, instance:com.qa.opencart.test.ContactUsPageTest@740cae06] output={null}]]]>
              </value>
            </param>
          </params>
          <reporter-output>
          </reporter-output>
        </test-method> <!-- tearDown -->
        <test-method is-config="true" signature="startUp(java.lang.String)[pri:0, instance:com.qa.opencart.test.ContactUsPageTest@740cae06]" started-at="2022-12-02T00:53:30 MST" name="startUp" finished-at="2022-12-02T00:53:34 MST" duration-ms="4066" status="PASS">
          <params>
            <param index="0">
              <value>
                <![CDATA[firefox]]>
              </value>
            </param>
          </params>
          <reporter-output>
          </reporter-output>
        </test-method> <!-- startUp -->
        <test-method signature="doContactUsInvalidEnquiryMaximumValueTest()[pri:7, instance:com.qa.opencart.test.ContactUsPageTest@740cae06]" started-at="2022-12-02T00:53:34 MST" name="doContactUsInvalidEnquiryMaximumValueTest" finished-at="2022-12-02T00:53:44 MST" duration-ms="10606" status="PASS">
          <reporter-output>
          </reporter-output>
        </test-method> <!-- doContactUsInvalidEnquiryMaximumValueTest -->
        <test-method is-config="true" signature="tearDown(org.testng.ITestResult)[pri:0, instance:com.qa.opencart.test.ContactUsPageTest@740cae06]" started-at="2022-12-02T00:53:44 MST" name="tearDown" finished-at="2022-12-02T00:53:44 MST" duration-ms="111" status="PASS">
          <params>
            <param index="0">
              <value>
                <![CDATA[[TestResult name=doContactUsInvalidEnquiryMaximumValueTest status=SUCCESS method=ContactUsPageTest.doContactUsInvalidEnquiryMaximumValueTest()[pri:7, instance:com.qa.opencart.test.ContactUsPageTest@740cae06] output={null}]]]>
              </value>
            </param>
          </params>
          <reporter-output>
          </reporter-output>
        </test-method> <!-- tearDown -->
      </class> <!-- com.qa.opencart.test.ContactUsPageTest -->
      <class name="com.qa.opencart.test.YourStorePageTest">
        <test-method is-config="true" signature="startUp(java.lang.String)[pri:0, instance:com.qa.opencart.test.YourStorePageTest@4a883b15]" started-at="2022-12-02T00:52:36 MST" name="startUp" finished-at="2022-12-02T00:52:47 MST" duration-ms="11113" status="PASS">
          <params>
            <param index="0">
              <value>
                <![CDATA[firefox]]>
              </value>
            </param>
          </params>
          <reporter-output>
          </reporter-output>
        </test-method> <!-- startUp -->
        <test-method signature="validateYourPageLogoTest()[pri:1, instance:com.qa.opencart.test.YourStorePageTest@4a883b15]" started-at="2022-12-02T00:52:47 MST" name="validateYourPageLogoTest" finished-at="2022-12-02T00:52:47 MST" duration-ms="234" status="PASS">
          <reporter-output>
          </reporter-output>
        </test-method> <!-- validateYourPageLogoTest -->
        <test-method is-config="true" signature="tearDown(org.testng.ITestResult)[pri:0, instance:com.qa.opencart.test.YourStorePageTest@4a883b15]" started-at="2022-12-02T00:52:47 MST" name="tearDown" finished-at="2022-12-02T00:52:47 MST" duration-ms="140" status="PASS">
          <params>
            <param index="0">
              <value>
                <![CDATA[[TestResult name=validateYourPageLogoTest status=SUCCESS method=YourStorePageTest.validateYourPageLogoTest()[pri:1, instance:com.qa.opencart.test.YourStorePageTest@4a883b15] output={null}]]]>
              </value>
            </param>
          </params>
          <reporter-output>
          </reporter-output>
        </test-method> <!-- tearDown -->
        <test-method is-config="true" signature="startUp(java.lang.String)[pri:0, instance:com.qa.opencart.test.YourStorePageTest@4a883b15]" started-at="2022-12-02T00:52:47 MST" name="startUp" finished-at="2022-12-02T00:52:52 MST" duration-ms="4500" status="PASS">
          <params>
            <param index="0">
              <value>
                <![CDATA[firefox]]>
              </value>
            </param>
          </params>
          <reporter-output>
          </reporter-output>
        </test-method> <!-- startUp -->
        <test-method signature="validateYourPageTitleTest()[pri:2, instance:com.qa.opencart.test.YourStorePageTest@4a883b15]" started-at="2022-12-02T00:52:52 MST" name="validateYourPageTitleTest" finished-at="2022-12-02T00:52:52 MST" duration-ms="29" status="PASS">
          <reporter-output>
          </reporter-output>
        </test-method> <!-- validateYourPageTitleTest -->
        <test-method is-config="true" signature="tearDown(org.testng.ITestResult)[pri:0, instance:com.qa.opencart.test.YourStorePageTest@4a883b15]" started-at="2022-12-02T00:52:52 MST" name="tearDown" finished-at="2022-12-02T00:52:52 MST" duration-ms="120" status="PASS">
          <params>
            <param index="0">
              <value>
                <![CDATA[[TestResult name=validateYourPageTitleTest status=SUCCESS method=YourStorePageTest.validateYourPageTitleTest()[pri:2, instance:com.qa.opencart.test.YourStorePageTest@4a883b15] output={null}]]]>
              </value>
            </param>
          </params>
          <reporter-output>
          </reporter-output>
        </test-method> <!-- tearDown -->
        <test-method is-config="true" signature="startUp(java.lang.String)[pri:0, instance:com.qa.opencart.test.YourStorePageTest@4a883b15]" started-at="2022-12-02T00:52:52 MST" name="startUp" finished-at="2022-12-02T00:52:56 MST" duration-ms="4309" status="PASS">
          <params>
            <param index="0">
              <value>
                <![CDATA[firefox]]>
              </value>
            </param>
          </params>
          <reporter-output>
          </reporter-output>
        </test-method> <!-- startUp -->
        <test-method signature="getCurrencyTest()[pri:3, instance:com.qa.opencart.test.YourStorePageTest@4a883b15]" started-at="2022-12-02T00:52:56 MST" name="getCurrencyTest" finished-at="2022-12-02T00:52:58 MST" duration-ms="1630" status="PASS">
          <reporter-output>
          </reporter-output>
        </test-method> <!-- getCurrencyTest -->
        <test-method is-config="true" signature="tearDown(org.testng.ITestResult)[pri:0, instance:com.qa.opencart.test.YourStorePageTest@4a883b15]" started-at="2022-12-02T00:52:58 MST" name="tearDown" finished-at="2022-12-02T00:52:58 MST" duration-ms="113" status="PASS">
          <params>
            <param index="0">
              <value>
                <![CDATA[[TestResult name=getCurrencyTest status=SUCCESS method=YourStorePageTest.getCurrencyTest()[pri:3, instance:com.qa.opencart.test.YourStorePageTest@4a883b15] output={null}]]]>
              </value>
            </param>
          </params>
          <reporter-output>
          </reporter-output>
        </test-method> <!-- tearDown -->
        <test-method is-config="true" signature="startUp(java.lang.String)[pri:0, instance:com.qa.opencart.test.YourStorePageTest@4a883b15]" started-at="2022-12-02T00:52:58 MST" name="startUp" finished-at="2022-12-02T00:53:02 MST" duration-ms="4141" status="PASS">
          <params>
            <param index="0">
              <value>
                <![CDATA[firefox]]>
              </value>
            </param>
          </params>
          <reporter-output>
          </reporter-output>
        </test-method> <!-- startUp -->
        <test-method signature="doClickOnTheContactUsIconTest()[pri:4, instance:com.qa.opencart.test.YourStorePageTest@4a883b15]" started-at="2022-12-02T00:53:02 MST" name="doClickOnTheContactUsIconTest" finished-at="2022-12-02T00:53:04 MST" duration-ms="1275" status="PASS">
          <reporter-output>
          </reporter-output>
        </test-method> <!-- doClickOnTheContactUsIconTest -->
        <test-method is-config="true" signature="tearDown(org.testng.ITestResult)[pri:0, instance:com.qa.opencart.test.YourStorePageTest@4a883b15]" started-at="2022-12-02T00:53:04 MST" name="tearDown" finished-at="2022-12-02T00:53:04 MST" duration-ms="124" status="PASS">
          <params>
            <param index="0">
              <value>
                <![CDATA[[TestResult name=doClickOnTheContactUsIconTest status=SUCCESS method=YourStorePageTest.doClickOnTheContactUsIconTest()[pri:4, instance:com.qa.opencart.test.YourStorePageTest@4a883b15] output={null}]]]>
              </value>
            </param>
          </params>
          <reporter-output>
          </reporter-output>
        </test-method> <!-- tearDown -->
        <test-method is-config="true" signature="startUp(java.lang.String)[pri:0, instance:com.qa.opencart.test.YourStorePageTest@4a883b15]" started-at="2022-12-02T00:53:04 MST" name="startUp" finished-at="2022-12-02T00:53:08 MST" duration-ms="4281" status="PASS">
          <params>
            <param index="0">
              <value>
                <![CDATA[firefox]]>
              </value>
            </param>
          </params>
          <reporter-output>
          </reporter-output>
        </test-method> <!-- startUp -->
        <test-method signature="doClickOnTheRegisterPage()[pri:5, instance:com.qa.opencart.test.YourStorePageTest@4a883b15]" started-at="2022-12-02T00:53:08 MST" name="doClickOnTheRegisterPage" finished-at="2022-12-02T00:53:13 MST" duration-ms="4965" status="PASS">
          <reporter-output>
          </reporter-output>
        </test-method> <!-- doClickOnTheRegisterPage -->
        <test-method is-config="true" signature="tearDown(org.testng.ITestResult)[pri:0, instance:com.qa.opencart.test.YourStorePageTest@4a883b15]" started-at="2022-12-02T00:53:13 MST" name="tearDown" finished-at="2022-12-02T00:53:13 MST" duration-ms="111" status="PASS">
          <params>
            <param index="0">
              <value>
                <![CDATA[[TestResult name=doClickOnTheRegisterPage status=SUCCESS method=YourStorePageTest.doClickOnTheRegisterPage()[pri:5, instance:com.qa.opencart.test.YourStorePageTest@4a883b15] output={null}]]]>
              </value>
            </param>
          </params>
          <reporter-output>
          </reporter-output>
        </test-method> <!-- tearDown -->
        <test-method is-config="true" signature="startUp(java.lang.String)[pri:0, instance:com.qa.opencart.test.YourStorePageTest@4a883b15]" started-at="2022-12-02T00:53:13 MST" name="startUp" finished-at="2022-12-02T00:53:18 MST" duration-ms="4816" status="PASS">
          <params>
            <param index="0">
              <value>
                <![CDATA[firefox]]>
              </value>
            </param>
          </params>
          <reporter-output>
          </reporter-output>
        </test-method> <!-- startUp -->
        <test-method signature="doClickOnTheLoginPage()[pri:6, instance:com.qa.opencart.test.YourStorePageTest@4a883b15]" started-at="2022-12-02T00:53:18 MST" name="doClickOnTheLoginPage" finished-at="2022-12-02T00:53:19 MST" duration-ms="1069" status="PASS">
          <reporter-output>
          </reporter-output>
        </test-method> <!-- doClickOnTheLoginPage -->
        <test-method is-config="true" signature="tearDown(org.testng.ITestResult)[pri:0, instance:com.qa.opencart.test.YourStorePageTest@4a883b15]" started-at="2022-12-02T00:53:19 MST" name="tearDown" finished-at="2022-12-02T00:53:19 MST" duration-ms="105" status="PASS">
          <params>
            <param index="0">
              <value>
                <![CDATA[[TestResult name=doClickOnTheLoginPage status=SUCCESS method=YourStorePageTest.doClickOnTheLoginPage()[pri:6, instance:com.qa.opencart.test.YourStorePageTest@4a883b15] output={null}]]]>
              </value>
            </param>
          </params>
          <reporter-output>
          </reporter-output>
        </test-method> <!-- tearDown -->
        <test-method is-config="true" signature="startUp(java.lang.String)[pri:0, instance:com.qa.opencart.test.YourStorePageTest@4a883b15]" started-at="2022-12-02T00:53:19 MST" name="startUp" finished-at="2022-12-02T00:53:23 MST" duration-ms="4093" status="PASS">
          <params>
            <param index="0">
              <value>
                <![CDATA[firefox]]>
              </value>
            </param>
          </params>
          <reporter-output>
          </reporter-output>
        </test-method> <!-- startUp -->
        <test-method signature="doClickOnTheShoppingCartPage()[pri:7, instance:com.qa.opencart.test.YourStorePageTest@4a883b15]" started-at="2022-12-02T00:53:23 MST" name="doClickOnTheShoppingCartPage" finished-at="2022-12-02T00:53:24 MST" duration-ms="917" status="PASS">
          <reporter-output>
          </reporter-output>
        </test-method> <!-- doClickOnTheShoppingCartPage -->
        <test-method is-config="true" signature="tearDown(org.testng.ITestResult)[pri:0, instance:com.qa.opencart.test.YourStorePageTest@4a883b15]" started-at="2022-12-02T00:53:24 MST" name="tearDown" finished-at="2022-12-02T00:53:24 MST" duration-ms="114" status="PASS">
          <params>
            <param index="0">
              <value>
                <![CDATA[[TestResult name=doClickOnTheShoppingCartPage status=SUCCESS method=YourStorePageTest.doClickOnTheShoppingCartPage()[pri:7, instance:com.qa.opencart.test.YourStorePageTest@4a883b15] output={null}]]]>
              </value>
            </param>
          </params>
          <reporter-output>
          </reporter-output>
        </test-method> <!-- tearDown -->
        <test-method is-config="true" signature="startUp(java.lang.String)[pri:0, instance:com.qa.opencart.test.YourStorePageTest@4a883b15]" started-at="2022-12-02T00:53:24 MST" name="startUp" finished-at="2022-12-02T00:53:29 MST" duration-ms="4275" status="PASS">
          <params>
            <param index="0">
              <value>
                <![CDATA[firefox]]>
              </value>
            </param>
          </params>
          <reporter-output>
          </reporter-output>
        </test-method> <!-- startUp -->
        <test-method signature="doClickOnTheCheckOutPage()[pri:8, instance:com.qa.opencart.test.YourStorePageTest@4a883b15]" started-at="2022-12-02T00:53:29 MST" name="doClickOnTheCheckOutPage" finished-at="2022-12-02T00:53:30 MST" duration-ms="1490" status="PASS">
          <reporter-output>
          </reporter-output>
        </test-method> <!-- doClickOnTheCheckOutPage -->
        <test-method is-config="true" signature="tearDown(org.testng.ITestResult)[pri:0, instance:com.qa.opencart.test.YourStorePageTest@4a883b15]" started-at="2022-12-02T00:53:30 MST" name="tearDown" finished-at="2022-12-02T00:53:30 MST" duration-ms="119" status="PASS">
          <params>
            <param index="0">
              <value>
                <![CDATA[[TestResult name=doClickOnTheCheckOutPage status=SUCCESS method=YourStorePageTest.doClickOnTheCheckOutPage()[pri:8, instance:com.qa.opencart.test.YourStorePageTest@4a883b15] output={null}]]]>
              </value>
            </param>
          </params>
          <reporter-output>
          </reporter-output>
        </test-method> <!-- tearDown -->
        <test-method is-config="true" signature="startUp(java.lang.String)[pri:0, instance:com.qa.opencart.test.YourStorePageTest@4a883b15]" started-at="2022-12-02T00:53:30 MST" name="startUp" finished-at="2022-12-02T00:53:34 MST" duration-ms="4142" status="PASS">
          <params>
            <param index="0">
              <value>
                <![CDATA[firefox]]>
              </value>
            </param>
          </params>
          <reporter-output>
          </reporter-output>
        </test-method> <!-- startUp -->
        <test-method signature="validateNavigationBarsTest()[pri:9, instance:com.qa.opencart.test.YourStorePageTest@4a883b15]" started-at="2022-12-02T00:53:34 MST" name="validateNavigationBarsTest" finished-at="2022-12-02T00:53:35 MST" duration-ms="407" status="PASS">
          <reporter-output>
          </reporter-output>
        </test-method> <!-- validateNavigationBarsTest -->
        <test-method is-config="true" signature="tearDown(org.testng.ITestResult)[pri:0, instance:com.qa.opencart.test.YourStorePageTest@4a883b15]" started-at="2022-12-02T00:53:35 MST" name="tearDown" finished-at="2022-12-02T00:53:35 MST" duration-ms="107" status="PASS">
          <params>
            <param index="0">
              <value>
                <![CDATA[[TestResult name=validateNavigationBarsTest status=SUCCESS method=YourStorePageTest.validateNavigationBarsTest()[pri:9, instance:com.qa.opencart.test.YourStorePageTest@4a883b15] output={null}]]]>
              </value>
            </param>
          </params>
          <reporter-output>
          </reporter-output>
        </test-method> <!-- tearDown -->
        <test-method is-config="true" signature="startUp(java.lang.String)[pri:0, instance:com.qa.opencart.test.YourStorePageTest@4a883b15]" started-at="2022-12-02T00:53:35 MST" name="startUp" finished-at="2022-12-02T00:53:39 MST" duration-ms="4347" status="PASS">
          <params>
            <param index="0">
              <value>
                <![CDATA[firefox]]>
              </value>
            </param>
          </params>
          <reporter-output>
          </reporter-output>
        </test-method> <!-- startUp -->
        <test-method signature="featuredTest()[pri:10, instance:com.qa.opencart.test.YourStorePageTest@4a883b15]" started-at="2022-12-02T00:53:39 MST" name="featuredTest" finished-at="2022-12-02T00:53:39 MST" duration-ms="306" status="PASS">
          <reporter-output>
          </reporter-output>
        </test-method> <!-- featuredTest -->
        <test-method is-config="true" signature="tearDown(org.testng.ITestResult)[pri:0, instance:com.qa.opencart.test.YourStorePageTest@4a883b15]" started-at="2022-12-02T00:53:39 MST" name="tearDown" finished-at="2022-12-02T00:53:40 MST" duration-ms="110" status="PASS">
          <params>
            <param index="0">
              <value>
                <![CDATA[[TestResult name=featuredTest status=SUCCESS method=YourStorePageTest.featuredTest()[pri:10, instance:com.qa.opencart.test.YourStorePageTest@4a883b15] output={null}]]]>
              </value>
            </param>
          </params>
          <reporter-output>
          </reporter-output>
        </test-method> <!-- tearDown -->
        <test-method is-config="true" signature="startUp(java.lang.String)[pri:0, instance:com.qa.opencart.test.YourStorePageTest@4a883b15]" started-at="2022-12-02T00:53:40 MST" name="startUp" finished-at="2022-12-02T00:53:44 MST" duration-ms="4733" status="PASS">
          <params>
            <param index="0">
              <value>
                <![CDATA[firefox]]>
              </value>
            </param>
          </params>
          <reporter-output>
          </reporter-output>
        </test-method> <!-- startUp -->
        <test-method signature="adsQuantityTest()[pri:11, instance:com.qa.opencart.test.YourStorePageTest@4a883b15]" started-at="2022-12-02T00:53:44 MST" name="adsQuantityTest" finished-at="2022-12-02T00:53:44 MST" duration-ms="87" status="PASS">
          <reporter-output>
          </reporter-output>
        </test-method> <!-- adsQuantityTest -->
        <test-method is-config="true" signature="tearDown(org.testng.ITestResult)[pri:0, instance:com.qa.opencart.test.YourStorePageTest@4a883b15]" started-at="2022-12-02T00:53:44 MST" name="tearDown" finished-at="2022-12-02T00:53:45 MST" duration-ms="116" status="PASS">
          <params>
            <param index="0">
              <value>
                <![CDATA[[TestResult name=adsQuantityTest status=SUCCESS method=YourStorePageTest.adsQuantityTest()[pri:11, instance:com.qa.opencart.test.YourStorePageTest@4a883b15] output={null}]]]>
              </value>
            </param>
          </params>
          <reporter-output>
          </reporter-output>
        </test-method> <!-- tearDown -->
        <test-method is-config="true" signature="startUp(java.lang.String)[pri:0, instance:com.qa.opencart.test.YourStorePageTest@4a883b15]" started-at="2022-12-02T00:53:45 MST" name="startUp" finished-at="2022-12-02T00:53:49 MST" duration-ms="4219" status="PASS">
          <params>
            <param index="0">
              <value>
                <![CDATA[firefox]]>
              </value>
            </param>
          </params>
          <reporter-output>
          </reporter-output>
        </test-method> <!-- startUp -->
        <test-method signature="adsTest()[pri:12, instance:com.qa.opencart.test.YourStorePageTest@4a883b15]" started-at="2022-12-02T00:53:49 MST" name="adsTest" finished-at="2022-12-02T00:53:49 MST" duration-ms="424" status="PASS">
          <reporter-output>
          </reporter-output>
        </test-method> <!-- adsTest -->
        <test-method is-config="true" signature="tearDown(org.testng.ITestResult)[pri:0, instance:com.qa.opencart.test.YourStorePageTest@4a883b15]" started-at="2022-12-02T00:53:49 MST" name="tearDown" finished-at="2022-12-02T00:53:49 MST" duration-ms="105" status="PASS">
          <params>
            <param index="0">
              <value>
                <![CDATA[[TestResult name=adsTest status=SUCCESS method=YourStorePageTest.adsTest()[pri:12, instance:com.qa.opencart.test.YourStorePageTest@4a883b15] output={null}]]]>
              </value>
            </param>
          </params>
          <reporter-output>
          </reporter-output>
        </test-method> <!-- tearDown -->
      </class> <!-- com.qa.opencart.test.YourStorePageTest -->
    </test> <!-- Selenium OPEN_CART (Marionette Firefox) -->
  </suite> <!-- Smoke Test Suite TestNG OPEN_CART -->
</testng-results>
