<?xml version="1.0" encoding="UTF-8"?>
<testsuite xmlns:xsi="http://www.w3.org/2001/XMLSchema-instance" xsi:noNamespaceSchemaLocation="https://maven.apache.org/surefire/maven-surefire-plugin/xsd/surefire-test-report-3.0.xsd" version="3.0" name="TestSuite" time="89.276" tests="42" errors="0" skipped="0" failures="0">
  <properties>
[...]
</properties>
  <testcase name="validateYourPageLogoTest" classname="com.qa.opencart.test.YourStorePageTest" time="0.472">
    <system-out><![CDATA[=====> Selenium OPEN_CART (Marionette Firefox) Test has started <===== 
 =====> Selenium Firefox Headless <===== 
 =====> Selenium Firefox Headless <===== 
 =====> Selenium Firefox Headless <===== 
 =====> Selenium Firefox Headless <===== 
=====> validateContactUsTitleTest Test started <===== 
=====> validateLoginPageTitleTest Test started <===== 
=====> validateRegisterTitleTest Test started <===== 
=====> validateYourPageLogoTest Test started <===== 
11-22-2022 22:50:04 YourStorePage.java INFO  [TestNG-test=Selenium OPEN_CART (Marionette Firefox)-1] pages.CheckOutPage 27 -  =====> Naveen Automation Labs Logo has been displayed <===== 
11-22-2022 22:50:04 YourStorePage.java INFO  [TestNG-test=Selenium OPEN_CART (Marionette Firefox)-2] pages.CheckOutPage 80 - User clicks on teh contact us icon. 
11-22-2022 22:50:04 YourStorePage.java INFO  [TestNG-test=Selenium OPEN_CART (Marionette Firefox)-4] pages.CheckOutPage 136 - User clicks on the my account button. 
11-22-2022 22:50:04 YourStorePage.java INFO  [TestNG-test=Selenium OPEN_CART (Marionette Firefox)-3] pages.CheckOutPage 113 - User clicks on the my account button. 
]]></system-out>
    <system-err><![CDATA[SLF4J: No SLF4J providers were found.
SLF4J: Defaulting to no-operation (NOP) logger implementation
SLF4J: See https://www.slf4j.org/codes.html#noProviders for further details.
ERROR StatusLogger Log4j2 could not find a logging implementation. Please add log4j-core to the classpath. Using SimpleLogger to log to the console...
116166169661669989111888666161119999888833333336366		ggeecckkooddri	6ve	gregc	kIeoNcdkFrOoi	dvLreiirsver	t	IIeNriFNnvFeiOr		nOLI	gi LsoitnNse 127.0n.0i.n1g: 4o1n628
FO	tLeinsitne gn1 i2o7nn.g  01o.2n07.. 1217:.1006.7.010.2.11:
3:330192097

1116669619681669811986861719698387	76m63ozrun3n	em1oz6rr6:u9:1nrn8u6enr1n:9e	:8rmrunner	INFO	Runningo czormunmnaenrd:: ":/rAupnpnle	riIc	NIaFNtOFi	oORn	Rs7uu/nnF6nnii3ir	nengmfg oo czxcoro.umammnnampneapdr/n::Cd: or"n:u/ tAne"pn/nptAelpsrip/c	lMaIaitNccFiaOoOStn	/iRsofu/nnsinFr/iieFnifgrro exefcf-oomxomand: "/.Aappplpi/cCaotniteonnxtss.//aMFppai/rcCOoeSnbf/ofixitnr.e"eanf pto"ps-x/-Mbin-marionet"a c"/tCO-on-Setem"/nafts/MacOS/fiirrrieefonfoox-xbient-bin"  "-"t-hee" a"--"ma "--herionette" "--headless" "win-dow--size=1400,1000" "--remote-dadless" "window-size=1400,1000" "--remote-debeumdarionette" "--headless" "window-size=1400,1000" "--remote-debugging-port" "37097" l"--ersesmote-allow-hosts" "localhost" "--remo"te "wi-allow-origins" "http://127.0.0.1:37097/,http://localhosntdo:w37-size=1400,1000" "--remote-debugging-pogb0urgging-port" "39359" "--reging-port" "39622" "--remote-allomw-hosts" "lotc"alh o"s3t6"2 3"7" -"--r-emroeomtoet-etal-laoelw9l--7ooawri-gl/ihlno,osws"- hts"hht"tt pot"p::l/s/o//tc[1:2:a1l]h7:o.3ss7"t0 0.""09l o.7"1c/a:-3l"h -9"or6s-2ft2"o/ re,"eh--gttrp:om/ou/tnled-o"ac al"ll-onwh-oo-osrtri:reg39miote6ne2sm"2/ o,"-thallowthettp"t: /p/:"[/--:/po1:r1r2oif7]g:.ii309n.l06es2"".2 1" /:""3h/ 62"vt-t3ap7fr:/o//r,/fehgt1or2tlo7dpu.:en0dr/"s/ l/."4o-yc0/naz.lo41-hoqr:6s3e9tqm:po3k3t5d6e912"/p31 ,7h"f/tj-,p9htrtpoz:n/f/itllpe:o"c //al"hb/ovsatrk:/3pfv9oj3lz5dl9e4/r,00sh/0t40typ/g:z/n4//Tq[:/6:q1p]k:rd3u19sp3t15_9fjm/o"9z zp"nr-bofkfopirveljgezraolG4uK0nY0d60"v 0""
gn-/noT-/rreusmtot_emo" z[p"r:-o:pf1ri]ol:fe3iW6l92e38"7 q"/Y"B/" v
a"r-/fforoelgdreorsun/d4"y/z 4"q-6nqop-krde1mpo1tfe"j9 z"n-bpkropvfjizlle4"0 0"0/0gn/T/rvusat_mroz/proffiolleBdkweirJL"
s/4y/z4q6qpkd1p1fj9znbkpvjzl40000gn/T/rust_mozprofile4yEmh3"
******** You are running in headless mode.
* You are running in headless mode.
** You are running in headless mode.
* You are running in headless mode.
166918619947166911	Mar81i6o69186199471	Marnieontettte	INFeO		INFO	MaMriaonreiottnee ettnea bleenda
bled
1661969941781	6M1a9r9i4on7e1tte	M	IaNrFiOo	nMeatrtieon	IeNtFtOe	 eMnablareido
nette enabled
1669186199553	Marionette	INFO	Listening on port 57694
1669186199567	Marionette	INFO	Listening on port 57695
1669186199568	Marionette	INFO	Listening on port 57696
1669186199573	Marionette	INFO	Listening on port 57697
Read port: 57694
Read port: 57696
Read port: 57697
Read port: 57695
WebDriver BiDi listening on ws://127.0.0.1:36237
WebDriver BiDi listening on ws://127.0.0.1:39622
WebDriver BiDi listening on ws://127.0.0.1:37097
WebDriver BiDi listening on ws://127.0.0.1:39359
1669186199825	RemoteAgent	WARN	TLS certificate errors will be ignored for this session
1669186199840	RemoteAgent	WARN	TLS certificate errors will be ignored for this session
1669186199844	RemoteAgent	WARN	TLS certificate errors will be ignored for this session
1669186199890	RemoteAgent	WARN	TLS certificate errors will be ignored for this session
[[[[GFX1-]: ReGFX1-]: RndereCnodmeproCsomitporSoWsGiLt ofailerdS WmGaL fapipilng defeault dframebuffer, no dt
GFX1-]: RenderCompositorSWGL faile d mapping defmaulat pfrpaimneg default frabmueffer, no dt
buffer, no dt
GFX1-]: RenderCompositorSWGL failed mapping default framebuffer, no dt
conconsoclonsole.warn: SearcehS.etwtinags: "get: Nrn: oS esettainrgsc fhileS eexitstts, nienwg prsof:i le"ge?" (new NotFoundEtrr:o rN(o" Cosueldt ntot openings  thes fofilleie l.aewt aexistrns :,  /SvearacnhrewS/ef proofildertts/4le?" (ynew i/Noz4qn6tgFqousndErr:or( "Cou"ldg not oepen the tfile a:t  /vNaro/ fsoledtetrs/4iy/zn4gqs6qp kd1fpi1lfej 9ezxnbkpvjzl4000isptsk, new pdr1ofpi1le?"f (njew9 NotzFoundEnrrobrk(p"cCvoojunzldl 4n0oso0tl eo.0pwe0arn: Sng n0/gn/T/the file at /var/folders/4y/z4q6qpkd1p1fj9znbkpvjzl40000gn/T/rust_mozprofile4yEmh3/search.json.mozlz4", (void 0)))
T/rust_mozprofileW98qYB/search.json.mozlz4", (void 0)))
rust_mozprofileBkwiJL/search.json.mozlz4", (void 0)))
earchSettings: "get: No settings file exists, new profile?" (new NotFoundError("Could not open the file at /var/folders/4y/z4q6qpkd1p1fj9znbkpvjzl40000gn/T/rust_mozprofileaGKY6v/search.json.mozlz4", (void 0)))
DevTools listening on ws://127.0.0.1:39622/devtools/browser/e54b49df-e852-4e41-9664-e901d9af42c1
DevTools listening on ws://127.0.0.1:37097/devtools/browser/b8eb2474-dba2-4341-ab06-10672708b4d5
DevTools listening on ws://127.0.0.1:39359/devtools/browser/7995111a-1b09-497b-a03a-716d07aa8e20
DevTools listening on ws://127.0.0.1:36237/devtools/browser/ebf1d615-49a3-4038-aa83-046175ef81bb
]]></system-err>
  </testcase>
  <testcase name="validateYourPageTitleTest" classname="com.qa.opencart.test.YourStorePageTest" time="0.024">
    <system-out><![CDATA[=====> validateRegisterTitleTest Test is successful <===== 
 =====> Selenium Firefox Headless <===== 
 =====> Selenium Firefox Headless <===== 
 =====> Selenium Firefox Headless <===== 
=====> validateYourPageTitleTest Test started <===== 
11-22-2022 22:50:09 YourStorePage.java INFO  [TestNG-test=Selenium OPEN_CART (Marionette Firefox)-1] pages.CheckOutPage 37 - User validates the title page. 
 =====> My Your Page Title Is: Your Store <===== 
]]></system-out>
    <system-err><![CDATA[1669186205559	Marionette	INFO	Stopped listening on port 57696
1669186205720	Marionette	INFO	Marionette enabled
1669186205739	Marionette	INFO	Listening on port 57952
Read port: 57952
1669186205768	geckodriver	INFO	Listening on 127.0.0.1:30264
1669186205802	mozrunner::runner	INFO	Running command: "/Applications/Firefox.app/Contents/MacOS/firefox-bin" "--marionette" "--headless" "window-size=1400,1000" "--remote-debugging-port" "34247" "--remote-allow-hosts" "localhost" "--remote-allow-origins" "http://127.0.0.1:34247/,http://localhost:34247/,http://[::1]:34247/" "-foreground" "-no-remote" "-profile" "/var/folders/4y/z4q6qpkd1p1fj9znbkpvjzl40000gn/T/rust_mozprofileZsogSa"
*** You are running in headless mode.
WebDriver BiDi listening on ws://127.0.0.1:9329
1669186205992	geckodriver	INFO	Listening on 127.0.0.1:29944
1669186206015	RemoteAgent	WARN	TLS certificate errors will be ignored for this session
1669186206044	mozrunner::runner	INFO	Running command: "/Applications/Firefox.app/Contents/MacOS/firefox-bin" "--marionette" "--headless" "window-size=1400,1000" "--remote-debugging-port" "20288" "--remote-allow-hosts" "localhost" "--remote-allow-origins" "http://127.0.0.1:20288/,http://localhost:20288/,http://[::1]:20288/" "-foreground" "-no-remote" "-profile" "/var/folders/4y/z4q6qpkd1p1fj9znbkpvjzl40000gn/T/rust_mozprofileCbwGhD"
*** You are running in headless mode.
1669186206275	geckodriver	INFO	Listening on 127.0.0.1:38924
1669186206313	Marionette	INFO	Marionette enabled
1669186206347	Marionette	INFO	Listening on port 58140
1669186206370	mozrunner::runner	INFO	Running command: "/Applications/Firefox.app/Contents/MacOS/firefox-bin" "--marionette" "--headless" "window-size=1400,1000" "--remote-debugging-port" "28191" "--remote-allow-hosts" "localhost" "--remote-allow-origins" "http://127.0.0.1:28191/,http://localhost:28191/,http://[::1]:28191/" "-foreground" "-no-remote" "-profile" "/var/folders/4y/z4q6qpkd1p1fj9znbkpvjzl40000gn/T/rust_mozprofile3WFFAj"
*** You are running in headless mode.
Read port: 58140
1669186206542	Marionette	INFO	Marionette enabled
[GFX1-]: RenderCompositorSWGL failed mapping default framebuffer, no dt
1669186206563	Marionette	INFO	Listening on port 58142
Read port: 58142
WebDriver BiDi listening on ws://127.0.0.1:34247
console.warn: SearchSettings: "get: No settings file exists, new profile?" (new NotFoundError("Could not open the file at /var/folders/4y/z4q6qpkd1p1fj9znbkpvjzl40000gn/T/rust_mozprofilezGOeZc/search.json.mozlz4", (void 0)))
1669186206696	RemoteAgent	WARN	TLS certificate errors will be ignored for this session
WebDriver BiDi listening on ws://127.0.0.1:20288
1669186206820	Marionette	INFO	Marionette enabled
1669186206846	Marionette	INFO	Listening on port 58152
1669186206851	RemoteAgent	WARN	TLS certificate errors will be ignored for this session
Read port: 58152
WebDriver BiDi listening on ws://127.0.0.1:28191
1669186207101	RemoteAgent	WARN	TLS certificate errors will be ignored for this session
[GFX1-]: RenderCompositorSWGL failed mapping default framebuffer, no dt
console.warn: SearchSettings: "get: No settings file exists, new profile?" (new NotFoundError("Could not open the file at /var/folders/4y/z4q6qpkd1p1fj9znbkpvjzl40000gn/T/rust_mozprofileZsogSa/search.json.mozlz4", (void 0)))
DevTools listening on ws://127.0.0.1:9329/devtools/browser/feda3b9a-9b95-4f6a-87e5-ad233ae4dbfe
[GFX1-]: RenderCompositorSWGL failed mapping default framebuffer, no dt
console.warn: SearchSettings: "get: No settings file exists, new profile?" (new NotFoundError("Could not open the file at /var/folders/4y/z4q6qpkd1p1fj9znbkpvjzl40000gn/T/rust_mozprofileCbwGhD/search.json.mozlz4", (void 0)))
[GFX1-]: RenderCompositorSWGL failed mapping default framebuffer, no dt
console.warn: SearchSettings: "get: No settings file exists, new profile?" (new NotFoundError("Could not open the file at /var/folders/4y/z4q6qpkd1p1fj9znbkpvjzl40000gn/T/rust_mozprofile3WFFAj/search.json.mozlz4", (void 0)))
DevTools listening on ws://127.0.0.1:34247/devtools/browser/5d82d5f7-fce8-4760-8202-28b0341460ab
DevTools listening on ws://127.0.0.1:20288/devtools/browser/3b7dbcd4-aba3-44e4-a012-48aa389c7b2a
DevTools listening on ws://127.0.0.1:28191/devtools/browser/1cfb92bd-6c7f-48e5-a85f-5f0227728fad
]]></system-err>
  </testcase>
  <testcase name="getCurrencyTest" classname="com.qa.opencart.test.YourStorePageTest" time="1.001">
    <system-out><![CDATA[=====> doRegisterNewCustomerTest Test is successful <===== 
 =====> Selenium Firefox Headless <===== 
=====> getCurrencyTest Test started <===== 
11-22-2022 22:50:14 YourStorePage.java INFO  [TestNG-test=Selenium OPEN_CART (Marionette Firefox)-1] pages.CheckOutPage 53 - User clicks on the currency button. 
11-22-2022 22:50:14 YourStorePage.java INFO  [TestNG-test=Selenium OPEN_CART (Marionette Firefox)-1] pages.CheckOutPage 59 - User selects a currency from drop down menu. 
]]></system-out>
    <system-err><![CDATA[1669186213032	Marionette	INFO	Stopped listening on port 58152
1669186213131	Marionette	INFO	Marionette enabled
1669186213158	Marionette	INFO	Listening on port 58758
Read port: 58758
[GFX1-]: RenderCompositorSWGL failed mapping default framebuffer, no dt
WebDriver BiDi listening on ws://127.0.0.1:32888
console.warn: SearchSettings: "get: No settings file exists, new profile?" (new NotFoundError("Could not open the file at /var/folders/4y/z4q6qpkd1p1fj9znbkpvjzl40000gn/T/rust_mozprofile7ixmqy/search.json.mozlz4", (void 0)))
1669186213419	RemoteAgent	WARN	TLS certificate errors will be ignored for this session
1669186213516	geckodriver	INFO	Listening on 127.0.0.1:3300
1669186213535	mozrunner::runner	INFO	Running command: "/Applications/Firefox.app/Contents/MacOS/firefox-bin" "--marionette" "--headless" "window-size=1400,1000" "--remote-debugging-port" "1423" "--remote-allow-hosts" "localhost" "--remote-allow-origins" "http://127.0.0.1:1423/,http://localhost:1423/,http://[::1]:1423/" "-foreground" "-no-remote" "-profile" "/var/folders/4y/z4q6qpkd1p1fj9znbkpvjzl40000gn/T/rust_mozprofileEmuIFs"
*** You are running in headless mode.
[GFX1-]: RenderCompositorSWGL failed mapping default framebuffer, no dt
1669186213949	Marionette	INFO	Marionette enabled
1669186213975	Marionette	INFO	Listening on port 58904
console.warn: SearchSettings: "get: No settings file exists, new profile?" (new NotFoundError("Could not open the file at /var/folders/4y/z4q6qpkd1p1fj9znbkpvjzl40000gn/T/rust_mozprofileyxdFlR/search.json.mozlz4", (void 0)))
Read port: 58904
DevTools listening on ws://127.0.0.1:23712/devtools/browser/d256be76-32b0-490a-9c48-11447873328d
WebDriver BiDi listening on ws://127.0.0.1:1423
console.warn: LoginRecipes: "Falling back to a synchronous message for: https://naveenautomationlabs.com."
1669186214346	RemoteAgent	WARN	TLS certificate errors will be ignored for this session
DevTools listening on ws://127.0.0.1:32888/devtools/browser/65fa049d-b418-4ce2-809b-68a2a10bd0ec
[GFX1-]: RenderCompositorSWGL failed mapping default framebuffer, no dt
console.warn: SearchSettings: "get: No settings file exists, new profile?" (new NotFoundError("Could not open the file at /var/folders/4y/z4q6qpkd1p1fj9znbkpvjzl40000gn/T/rust_mozprofileEmuIFs/search.json.mozlz4", (void 0)))
]]></system-err>
  </testcase>
  <testcase name="doClickOnTheContactUsIconTest" classname="com.qa.opencart.test.YourStorePageTest" time="0.433">
    <system-out><![CDATA[=====> doContactUsInvalidYourNameMinimumValueTest Test is successful <===== 
 =====> Selenium Firefox Headless <===== 
=====> doRegisterExistingCustomerTest Test started <===== 
11-22-2022 22:50:17 YourStorePage.java INFO  [TestNG-test=Selenium OPEN_CART (Marionette Firefox)-3] pages.CheckOutPage 113 - User clicks on the my account button. 
 =====> Selenium Firefox Headless <===== 
11-22-2022 22:50:18 YourStorePage.java INFO  [TestNG-test=Selenium OPEN_CART (Marionette Firefox)-3] pages.CheckOutPage 115 - User clicks on the shopping cart button. 
11-22-2022 22:50:19 YourStorePage.java INFO  [TestNG-test=Selenium OPEN_CART (Marionette Firefox)-3] pages.CheckOutPage 117 - User navigates on the register page. 
11-22-2022 22:50:19 RegisterPage.java INFO  [TestNG-test=Selenium OPEN_CART (Marionette Firefox)-3] pages.CheckOutPage 91 - User types the first name. 
11-22-2022 22:50:19 RegisterPage.java INFO  [TestNG-test=Selenium OPEN_CART (Marionette Firefox)-3] pages.CheckOutPage 95 - User types the last name. 
11-22-2022 22:50:19 RegisterPage.java INFO  [TestNG-test=Selenium OPEN_CART (Marionette Firefox)-3] pages.CheckOutPage 99 - User types the email. 
11-22-2022 22:50:19 RegisterPage.java INFO  [TestNG-test=Selenium OPEN_CART (Marionette Firefox)-3] pages.CheckOutPage 103 - User types the phone number. 
11-22-2022 22:50:19 RegisterPage.java INFO  [TestNG-test=Selenium OPEN_CART (Marionette Firefox)-3] pages.CheckOutPage 107 - User types a password. 
11-22-2022 22:50:19 RegisterPage.java INFO  [TestNG-test=Selenium OPEN_CART (Marionette Firefox)-3] pages.CheckOutPage 111 - User types a confirm password. 
11-22-2022 22:50:19 RegisterPage.java INFO  [TestNG-test=Selenium OPEN_CART (Marionette Firefox)-3] pages.CheckOutPage 115 - User checks agreement checkbox. 
11-22-2022 22:50:19 RegisterPage.java INFO  [TestNG-test=Selenium OPEN_CART (Marionette Firefox)-3] pages.CheckOutPage 118 - User clicks on the submit button. 
=====> doClickOnTheContactUsIconTest Test started <===== 
11-22-2022 22:50:19 YourStorePage.java INFO  [TestNG-test=Selenium OPEN_CART (Marionette Firefox)-1] pages.CheckOutPage 80 - User clicks on teh contact us icon. 
11-22-2022 22:50:20 YourStorePage.java INFO  [TestNG-test=Selenium OPEN_CART (Marionette Firefox)-1] pages.CheckOutPage 82 - User navigates on the contact us page. 
11-22-2022 22:50:20 ContactUsPage.java INFO  [TestNG-test=Selenium OPEN_CART (Marionette Firefox)-1] pages.CheckOutPage 25 -  =====> Contact Us Link has been displayed <===== 
 =====> Contact Us <===== 
]]></system-out>
    <system-err><![CDATA[1669186217644	Marionette	INFO	Stopped listening on port 58758
1669186217837	geckodriver	INFO	Listening on 127.0.0.1:30740
1669186217856	mozrunner::runner	INFO	Running command: "/Applications/Firefox.app/Contents/MacOS/firefox-bin" "--marionette" "--headless" "window-size=1400,1000" "--remote-debugging-port" "22003" "--remote-allow-hosts" "localhost" "--remote-allow-origins" "http://127.0.0.1:22003/,http://localhost:22003/,http://[::1]:22003/" "-foreground" "-no-remote" "-profile" "/var/folders/4y/z4q6qpkd1p1fj9znbkpvjzl40000gn/T/rust_mozprofileYLdkqg"
*** You are running in headless mode.
1669186218123	geckodriver	INFO	Listening on 127.0.0.1:38350
1669186218142	mozrunner::runner	INFO	Running command: "/Applications/Firefox.app/Contents/MacOS/firefox-bin" "--marionette" "--headless" "window-size=1400,1000" "--remote-debugging-port" "7912" "--remote-allow-hosts" "localhost" "--remote-allow-origins" "http://127.0.0.1:7912/,http://localhost:7912/,http://[::1]:7912/" "-foreground" "-no-remote" "-profile" "/var/folders/4y/z4q6qpkd1p1fj9znbkpvjzl40000gn/T/rust_mozprofileyWkw34"
*** You are running in headless mode.
1669186218303	Marionette	INFO	Marionette enabled
1669186218323	Marionette	INFO	Listening on port 59566
Read port: 59566
WebDriver BiDi listening on ws://127.0.0.1:22003
1669186218567	Marionette	INFO	Marionette enabled
1669186218572	RemoteAgent	WARN	TLS certificate errors will be ignored for this session
1669186218585	Marionette	INFO	Listening on port 59574
WebDriver BiDi listening on ws://127.0.0.1:7912
Read port: 59574
1669186218845	RemoteAgent	WARN	TLS certificate errors will be ignored for this session
[GFX1-]: RenderCompositorSWGL failed mapping default framebuffer, no dt
console.warn: SearchSettings: "get: No settings file exists, new profile?" (new NotFoundError("Could not open the file at /var/folders/4y/z4q6qpkd1p1fj9znbkpvjzl40000gn/T/rust_mozprofileYLdkqg/search.json.mozlz4", (void 0)))
[GFX1-]: RenderCompositorSWGL failed mapping default framebuffer, no dt
console.warn: SearchSettings: "get: No settings file exists, new profile?" (new NotFoundError("Could not open the file at /var/folders/4y/z4q6qpkd1p1fj9znbkpvjzl40000gn/T/rust_mozprofileyWkw34/search.json.mozlz4", (void 0)))
console.warn: LoginRecipes: "Falling back to a synchronous message for: https://naveenautomationlabs.com."
console.warn: LoginRecipes: "Falling back to a synchronous message for: https://naveenautomationlabs.com."
DevTools listening on ws://127.0.0.1:22003/devtools/browser/c5591c9a-5b57-4199-845c-a9148fc80c08
DevTools listening on ws://127.0.0.1:7912/devtools/browser/a331a6e1-dc8c-44bf-a0e1-fcf70ac483aa
]]></system-err>
  </testcase>
  <testcase name="doClickOnTheRegisterPage" classname="com.qa.opencart.test.YourStorePageTest" time="0.461">
    <system-out><![CDATA[=====> doLoginWrongEmailValidPswCredentialsTest Test is successful <===== 
 =====> Selenium Firefox Headless <===== 
 =====> Selenium Firefox Headless <===== 
=====> doClickOnTheRegisterPage Test started <===== 
11-22-2022 22:50:24 YourStorePage.java INFO  [TestNG-test=Selenium OPEN_CART (Marionette Firefox)-1] pages.CheckOutPage 113 - User clicks on the my account button. 
11-22-2022 22:50:24 YourStorePage.java INFO  [TestNG-test=Selenium OPEN_CART (Marionette Firefox)-1] pages.CheckOutPage 115 - User clicks on the shopping cart button. 
=====> doRegisterNewCustomerMinimumPhoneNumberValueTest Test started <===== 
11-22-2022 22:50:24 YourStorePage.java INFO  [TestNG-test=Selenium OPEN_CART (Marionette Firefox)-3] pages.CheckOutPage 113 - User clicks on the my account button. 
11-22-2022 22:50:25 YourStorePage.java INFO  [TestNG-test=Selenium OPEN_CART (Marionette Firefox)-3] pages.CheckOutPage 115 - User clicks on the shopping cart button. 
11-22-2022 22:50:25 YourStorePage.java INFO  [TestNG-test=Selenium OPEN_CART (Marionette Firefox)-1] pages.CheckOutPage 117 - User navigates on the register page. 
11-22-2022 22:50:25 RegisterPage.java INFO  [TestNG-test=Selenium OPEN_CART (Marionette Firefox)-1] pages.CheckOutPage 21 -  =====> Register New Customer Link has been displayed <===== 
 =====> Register <===== 
]]></system-out>
    <system-err><![CDATA[1669186223262	Marionette	INFO	Stopped listening on port 59566
1669186223710	geckodriver	INFO	Listening on 127.0.0.1:23024
1669186223729	geckodriver	INFO	Listening on 127.0.0.1:14433
1669186223732	mozrunner::runner	INFO	Running command: "/Applications/Firefox.app/Contents/MacOS/firefox-bin" "--marionette" "--headless" "window-size=1400,1000" "--remote-debugging-port" "48905" "--remote-allow-hosts" "localhost" "--remote-allow-origins" "http://127.0.0.1:48905/,http://localhost:48905/,http://[::1]:48905/" "-foreground" "-no-remote" "-profile" "/var/folders/4y/z4q6qpkd1p1fj9znbkpvjzl40000gn/T/rust_mozprofileQBD8zA"
1669186223743	mozrunner::runner	INFO	Running command: "/Applications/Firefox.app/Contents/MacOS/firefox-bin" "--marionette" "--headless" "window-size=1400,1000" "--remote-debugging-port" "8218" "--remote-allow-hosts" "localhost" "--remote-allow-origins" "http://127.0.0.1:8218/,http://localhost:8218/,http://[::1]:8218/" "-foreground" "-no-remote" "-profile" "/var/folders/4y/z4q6qpkd1p1fj9znbkpvjzl40000gn/T/rust_mozprofileTocFhW"
*** You are running in headless mode.
*** You are running in headless mode.
1669186224201	Marionette	INFO	Marionette enabled
1669186224202	Marionette	INFO	Marionette enabled
1669186224220	Marionette	INFO	Listening on port 60441
1669186224223	Marionette	INFO	Listening on port 60442
Read port: 60442
Read port: 60441
WebDriver BiDi listening on ws://127.0.0.1:48905
WebDriver BiDi listening on ws://127.0.0.1:8218
1669186224473	RemoteAgent	WARN	TLS certificate errors will be ignored for this session
1669186224475	RemoteAgent	WARN	TLS certificate errors will be ignored for this session
[GFX1-]: RenderCompositorSWGL failed mapping default framebuffer, no dt
[GFX1-]: RenderCompositorSWGL failed mapping default framebuffer, no dt
console.warn: SearchSettings: "get: No settings file exists, new profile?" (new NotFoundError("Could not open the file at /var/folders/4y/z4q6qpkd1p1fj9znbkpvjzl40000gn/T/rust_mozprofileTocFhW/search.json.mozlz4", (void 0)))
console.warn: SearchSettings: "get: No settings file exists, new profile?" (new NotFoundError("Could not open the file at /var/folders/4y/z4q6qpkd1p1fj9znbkpvjzl40000gn/T/rust_mozprofileQBD8zA/search.json.mozlz4", (void 0)))
]]></system-err>
  </testcase>
  <testcase name="doClickOnTheLoginPage" classname="com.qa.opencart.test.YourStorePageTest" time="0.675">
    <system-out><![CDATA[=====> doLoginValidEmailWrongPswCredentialsTest Test is successful <===== 
 =====> Selenium Firefox Headless <===== 
 =====> Selenium Firefox Headless <===== 
=====> doClickOnTheLoginPage Test started <===== 
11-22-2022 22:50:29 YourStorePage.java INFO  [TestNG-test=Selenium OPEN_CART (Marionette Firefox)-1] pages.CheckOutPage 136 - User clicks on the my account button. 
11-22-2022 22:50:29 YourStorePage.java INFO  [TestNG-test=Selenium OPEN_CART (Marionette Firefox)-1] pages.CheckOutPage 138 - User clicks on the login button. 
11-22-2022 22:50:30 YourStorePage.java INFO  [TestNG-test=Selenium OPEN_CART (Marionette Firefox)-1] pages.CheckOutPage 140 - User navigates on the login page. 
11-22-2022 22:50:30 LoginPage.java INFO  [TestNG-test=Selenium OPEN_CART (Marionette Firefox)-1] pages.CheckOutPage 24 -  =====> Login Link has been displayed <===== 
 =====> Login <===== 
]]></system-out>
    <system-err><![CDATA[1669186229027	Marionette	INFO	Stopped listening on port 60441
1669186229402	geckodriver	INFO	Listening on 127.0.0.1:11697
1669186229416	mozrunner::runner	INFO	Running command: "/Applications/Firefox.app/Contents/MacOS/firefox-bin" "--marionette" "--headless" "window-size=1400,1000" "--remote-debugging-port" "10885" "--remote-allow-hosts" "localhost" "--remote-allow-origins" "http://127.0.0.1:10885/,http://localhost:10885/,http://[::1]:10885/" "-foreground" "-no-remote" "-profile" "/var/folders/4y/z4q6qpkd1p1fj9znbkpvjzl40000gn/T/rust_mozprofilepObCSL"
*** You are running in headless mode.
DevTools listening on ws://127.0.0.1:11235/devtools/browser/e934208a-b426-41d6-8e1f-27c87cc589a5
1669186229505	geckodriver	INFO	Listening on 127.0.0.1:23735
1669186229520	mozrunner::runner	INFO	Running command: "/Applications/Firefox.app/Contents/MacOS/firefox-bin" "--marionette" "--headless" "window-size=1400,1000" "--remote-debugging-port" "24215" "--remote-allow-hosts" "localhost" "--remote-allow-origins" "http://127.0.0.1:24215/,http://localhost:24215/,http://[::1]:24215/" "-foreground" "-no-remote" "-profile" "/var/folders/4y/z4q6qpkd1p1fj9znbkpvjzl40000gn/T/rust_mozprofileD7zb5e"
*** You are running in headless mode.
1669186229869	Marionette	INFO	Marionette enabled
1669186229900	Marionette	INFO	Listening on port 61365
Read port: 61365
1669186229943	Marionette	INFO	Marionette enabled
1669186229961	Marionette	INFO	Listening on port 61369
WebDriver BiDi listening on ws://127.0.0.1:24215
Read port: 61369
WebDriver BiDi listening on ws://127.0.0.1:10885
1669186230179	RemoteAgent	WARN	TLS certificate errors will be ignored for this session
1669186230216	RemoteAgent	WARN	TLS certificate errors will be ignored for this session
]]></system-err>
  </testcase>
  <testcase name="doClickOnTheShoppingCartPage" classname="com.qa.opencart.test.YourStorePageTest" time="0.454">
    <system-out><![CDATA[=====> doLoginBetweenOneToFourValidPswCredentialsTest Test is successful <===== 
=====> doClickOnTheShoppingCartPage Test started <===== 
11-22-2022 22:50:34 YourStorePage.java INFO  [TestNG-test=Selenium OPEN_CART (Marionette Firefox)-1] pages.CheckOutPage 145 - User clicks on the my account button. 
 =====> Selenium Firefox Headless <===== 
 =====> Selenium Firefox Headless <===== 
11-22-2022 22:50:34 YourStorePage.java INFO  [TestNG-test=Selenium OPEN_CART (Marionette Firefox)-1] pages.CheckOutPage 147 - User navigates on the login page. 
11-22-2022 22:50:34 ShoppingCartPage.java INFO  [TestNG-test=Selenium OPEN_CART (Marionette Firefox)-1] pages.CheckOutPage 21 -  =====> Shopping Cart Link has been displayed <===== 
 =====> Shopping Cart <===== 
]]></system-out>
    <system-err><![CDATA[1669186234361	Marionette	INFO	Stopped listening on port 61369
1669186234676	Marionette	INFO	Marionette enabled
1669186234693	Marionette	INFO	Listening on port 61911
Read port: 61911
1669186234770	geckodriver	INFO	Listening on 127.0.0.1:33365
1669186234780	mozrunner::runner	INFO	Running command: "/Applications/Firefox.app/Contents/MacOS/firefox-bin" "--marionette" "--headless" "window-size=1400,1000" "--remote-debugging-port" "7715" "--remote-allow-hosts" "localhost" "--remote-allow-origins" "http://127.0.0.1:7715/,http://localhost:7715/,http://[::1]:7715/" "-foreground" "-no-remote" "-profile" "/var/folders/4y/z4q6qpkd1p1fj9znbkpvjzl40000gn/T/rust_mozprofilen09s1t"
*** You are running in headless mode.
1669186234850	geckodriver	INFO	Listening on 127.0.0.1:28321
1669186234863	mozrunner::runner	INFO	Running command: "/Applications/Firefox.app/Contents/MacOS/firefox-bin" "--marionette" "--headless" "window-size=1400,1000" "--remote-debugging-port" "15116" "--remote-allow-hosts" "localhost" "--remote-allow-origins" "http://127.0.0.1:15116/,http://localhost:15116/,http://[::1]:15116/" "-foreground" "-no-remote" "-profile" "/var/folders/4y/z4q6qpkd1p1fj9znbkpvjzl40000gn/T/rust_mozprofilebP4ow2"
*** You are running in headless mode.
WebDriver BiDi listening on ws://127.0.0.1:2866
]]></system-err>
  </testcase>
  <testcase name="doClickOnTheCheckOutPage" classname="com.qa.opencart.test.YourStorePageTest" time="0.599">
    <system-out><![CDATA[=====> doRegisterNewCustomerMinimumPasswordValueTest Test is successful <===== 
11-22-2022 22:50:40 YourStorePage.java INFO  [TestNG-test=Selenium OPEN_CART (Marionette Firefox)-1] pages.CheckOutPage 131 - User navigates on the check out page. 
11-22-2022 22:50:40 CheckOutPage.java INFO  [TestNG-test=Selenium OPEN_CART (Marionette Firefox)-1] pages.CheckOutPage 24 -  =====> Check Out Link has been displayed <===== 
 =====> Shopping Cart <===== 
]]></system-out>
    <system-err><![CDATA[1669186239903	Marionette	INFO	Stopped listening on port 61911
]]></system-err>
  </testcase>
  <testcase name="validateNavigationBarsTest" classname="com.qa.opencart.test.YourStorePageTest" time="0.122">
    <system-out><![CDATA[=====> doContactUsInvalidEnquiryMaximumValueTest Test is successful <===== 
=====> validateNavigationBarsTest Test started <===== 
=====> doLoginBetweenOneToFourEmailJustNumbersPswCredentialsTest Test started <===== 
11-22-2022 22:50:45 YourStorePage.java INFO  [TestNG-test=Selenium OPEN_CART (Marionette Firefox)-4] pages.CheckOutPage 136 - User clicks on the my account button. 
11-22-2022 22:50:45 YourStorePage.java INFO  [TestNG-test=Selenium OPEN_CART (Marionette Firefox)-1] pages.CheckOutPage 163 - Navigation bars contains a type of the product
 =====> Software <===== 
]]></system-out>
    <system-err><![CDATA[1669186241018	Marionette	INFO	Stopped listening on port 62352
1669186241044	Marionette	INFO	Marionette enabled
WebDriver BiDi listening on ws://127.0.0.1:44508
1669186241083	Marionette	INFO	Listening on port 63160
1669186241103	RemoteAgent	WARN	TLS certificate errors will be ignored for this session
1669186241120	RemoteAgent	WARN	TLS certificate errors will be ignored for this session
Read port: 63160
WebDriver BiDi listening on ws://127.0.0.1:37588
1669186241396	RemoteAgent	WARN	TLS certificate errors will be ignored for this session
[GFX1-]: RenderCompositorSWGL failed mapping default framebuffer, no dt
[GFX1-]: RenderCompositorSWGL failed mapping default framebuffer, no dt
console.warn: SearchSettings: "get: No settings file exists, new profile?" (new NotFoundError("Could not open the file at /var/folders/4y/z4q6qpkd1p1fj9znbkpvjzl40000gn/T/rust_mozprofileLZ5S80/search.json.mozlz4", (void 0)))
console.warn: SearchSettings: "get: No settings file exists, new profile?" (new NotFoundError("Could not open the file at /var/folders/4y/z4q6qpkd1p1fj9znbkpvjzl40000gn/T/rust_mozprofilewzmt8X/search.json.mozlz4", (void 0)))
[GFX1-]: RenderCompositorSWGL failed mapping default framebuffer, no dt
console.warn: SearchSettings: "get: No settings file exists, new profile?" (new NotFoundError("Could not open the file at /var/folders/4y/z4q6qpkd1p1fj9znbkpvjzl40000gn/T/rust_mozprofiledsRzSE/search.json.mozlz4", (void 0)))
DevTools listening on ws://127.0.0.1:44508/devtools/browser/377aa965-9c38-45ad-a6ef-77e1747122db
DevTools listening on ws://127.0.0.1:5135/devtools/browser/acd8362b-dda7-4cb7-9154-425e1edb748c
DevTools listening on ws://127.0.0.1:37588/devtools/browser/1b011a94-02b3-478c-8603-deb5ff0345b3
]]></system-err>
  </testcase>
  <testcase name="featuredTest" classname="com.qa.opencart.test.YourStorePageTest" time="0.063">
    <system-out><![CDATA[=====> doRegisterNewCustomerMaximumPasswordValueTest Test is successful <===== 
 =====> Selenium Firefox Headless <===== 
=====> featuredTest Test started <===== 
11-22-2022 22:50:49 YourStorePage.java INFO  [TestNG-test=Selenium OPEN_CART (Marionette Firefox)-1] pages.CheckOutPage 183 - Navigation bars contains a type of the product
 =====> iPhone <===== 
]]></system-out>
    <system-err><![CDATA[1669186247310	Marionette	INFO	Stopped listening on port 63153
1669186247348	RemoteAgent	WARN	TLS certificate errors will be ignored for this session
DevTools listening on ws://127.0.0.1:7307/devtools/browser/beed759b-12f7-4b14-970b-4ad2dfec24ff
1669186247767	geckodriver	INFO	Listening on 127.0.0.1:48690
1669186247782	mozrunner::runner	INFO	Running command: "/Applications/Firefox.app/Contents/MacOS/firefox-bin" "--marionette" "--headless" "window-size=1400,1000" "--remote-debugging-port" "42259" "--remote-allow-hosts" "localhost" "--remote-allow-origins" "http://127.0.0.1:42259/,http://localhost:42259/,http://[::1]:42259/" "-foreground" "-no-remote" "-profile" "/var/folders/4y/z4q6qpkd1p1fj9znbkpvjzl40000gn/T/rust_mozprofilednKsAf"
[GFX1-]: RenderCompositorSWGL failed mapping default framebuffer, no dt
*** You are running in headless mode.
console.warn: SearchSettings: "get: No settings file exists, new profile?" (new NotFoundError("Could not open the file at /var/folders/4y/z4q6qpkd1p1fj9znbkpvjzl40000gn/T/rust_mozprofileolfTTS/search.json.mozlz4", (void 0)))
1669186248197	Marionette	INFO	Marionette enabled
1669186248216	Marionette	INFO	Listening on port 63907
Read port: 63907
DevTools listening on ws://127.0.0.1:44913/devtools/browser/89ba1f72-df74-4a85-afa8-c14b5cfa7345
WebDriver BiDi listening on ws://127.0.0.1:42259
1669186248475	RemoteAgent	WARN	TLS certificate errors will be ignored for this session
[GFX1-]: RenderCompositorSWGL failed mapping default framebuffer, no dt
console.warn: SearchSettings: "get: No settings file exists, new profile?" (new NotFoundError("Could not open the file at /var/folders/4y/z4q6qpkd1p1fj9znbkpvjzl40000gn/T/rust_mozprofilednKsAf/search.json.mozlz4", (void 0)))
DevTools listening on ws://127.0.0.1:42259/devtools/browser/0e3cc23c-8c05-444c-be3f-cc1961c9dd59
]]></system-err>
  </testcase>
  <testcase name="adsQuantityTest" classname="com.qa.opencart.test.YourStorePageTest" time="0.02">
    <system-out><![CDATA[=====> doRegisterNewCustomerUnmatchedPasswordValueTest Test is successful <===== 
 =====> Selenium Firefox Headless <===== 
=====> adsQuantityTest Test started <===== 
 =====> The Quantity of Advertise is 21 Companies. <===== 
]]></system-out>
    <system-err><![CDATA[1669186253150	Marionette	INFO	Stopped listening on port 63907
DevTools listening on ws://127.0.0.1:33179/devtools/browser/b248a05a-faff-4cb7-9364-0d42417dc790
1669186253607	geckodriver	INFO	Listening on 127.0.0.1:12649
1669186253619	mozrunner::runner	INFO	Running command: "/Applications/Firefox.app/Contents/MacOS/firefox-bin" "--marionette" "--headless" "window-size=1400,1000" "--remote-debugging-port" "23883" "--remote-allow-hosts" "localhost" "--remote-allow-origins" "http://127.0.0.1:23883/,http://localhost:23883/,http://[::1]:23883/" "-foreground" "-no-remote" "-profile" "/var/folders/4y/z4q6qpkd1p1fj9znbkpvjzl40000gn/T/rust_mozprofile0wGUmB"
*** You are running in headless mode.
]]></system-err>
  </testcase>
  <testcase name="adsTest" classname="com.qa.opencart.test.YourStorePageTest" time="0.183">
    <system-out><![CDATA[=====> doLogOutTest Test is successful <===== 
=====> doRegisterNewCustomerMinimumPasswordValueUnmatchedTest Test started <===== 
11-22-2022 22:50:57 YourStorePage.java INFO  [TestNG-test=Selenium OPEN_CART (Marionette Firefox)-3] pages.CheckOutPage 113 - User clicks on the my account button. 
=====> adsTest Test started <===== 
11-22-2022 22:50:57 YourStorePage.java INFO  [TestNG-test=Selenium OPEN_CART (Marionette Firefox)-3] pages.CheckOutPage 115 - User clicks on the shopping cart button. 
11-22-2022 22:50:58 YourStorePage.java INFO  [TestNG-test=Selenium OPEN_CART (Marionette Firefox)-1] pages.CheckOutPage 211 - Footer contains the certain brand
 =====> Burger King <===== 
]]></system-out>
    <system-err><![CDATA[1669186257665	Marionette	INFO	Stopped listening on port 64407
]]></system-err>
  </testcase>
  <testcase name="validateLoginPageTitleTest" classname="com.qa.opencart.test.LoginPageTest" time="1.028">
    <system-out><![CDATA[=====> validateYourPageLogoTest Test is successful <===== 
11-22-2022 22:50:04 YourStorePage.java INFO  [TestNG-test=Selenium OPEN_CART (Marionette Firefox)-3] pages.CheckOutPage 115 - User clicks on the shopping cart button. 
11-22-2022 22:50:04 YourStorePage.java INFO  [TestNG-test=Selenium OPEN_CART (Marionette Firefox)-4] pages.CheckOutPage 138 - User clicks on the login button. 
 =====> Selenium Firefox Headless <===== 
11-22-2022 22:50:05 YourStorePage.java INFO  [TestNG-test=Selenium OPEN_CART (Marionette Firefox)-4] pages.CheckOutPage 140 - User navigates on the login page. 
11-22-2022 22:50:05 LoginPage.java INFO  [TestNG-test=Selenium OPEN_CART (Marionette Firefox)-4] pages.CheckOutPage 35 - User validates the title page. 
 =====> My Your Page Title Is: Account Login <===== 
]]></system-out>
    <system-err><![CDATA[1669186204658	Marionette	INFO	Stopped listening on port 57695
1669186205182	geckodriver	INFO	Listening on 127.0.0.1:28842
]]></system-err>
  </testcase>
  <testcase name="doLoginValidCredentialsTest" classname="com.qa.opencart.test.LoginPageTest" time="1.141">
    <system-out><![CDATA[=====> validateYourPageTitleTest Test is successful <===== 
=====> doLoginValidCredentialsTest Test started <===== 
11-22-2022 22:50:09 YourStorePage.java INFO  [TestNG-test=Selenium OPEN_CART (Marionette Firefox)-4] pages.CheckOutPage 136 - User clicks on the my account button. 
=====> doContactUsTest Test started <===== 
11-22-2022 22:50:10 YourStorePage.java INFO  [TestNG-test=Selenium OPEN_CART (Marionette Firefox)-4] pages.CheckOutPage 138 - User clicks on the login button. 
 =====> Selenium Firefox Headless <===== 
=====> doRegisterNewCustomerTest Test started <===== 
11-22-2022 22:50:10 YourStorePage.java INFO  [TestNG-test=Selenium OPEN_CART (Marionette Firefox)-4] pages.CheckOutPage 140 - User navigates on the login page. 
11-22-2022 22:50:10 LoginPage.java INFO  [TestNG-test=Selenium OPEN_CART (Marionette Firefox)-4] pages.CheckOutPage 57 - User types an email. 
11-22-2022 22:50:10 LoginPage.java INFO  [TestNG-test=Selenium OPEN_CART (Marionette Firefox)-4] pages.CheckOutPage 61 - User types a password. 
11-22-2022 22:50:10 YourStorePage.java INFO  [TestNG-test=Selenium OPEN_CART (Marionette Firefox)-3] pages.CheckOutPage 113 - User clicks on the my account button. 
11-22-2022 22:50:10 YourStorePage.java INFO  [TestNG-test=Selenium OPEN_CART (Marionette Firefox)-2] pages.CheckOutPage 80 - User clicks on teh contact us icon. 
11-22-2022 22:50:10 LoginPage.java INFO  [TestNG-test=Selenium OPEN_CART (Marionette Firefox)-4] pages.CheckOutPage 65 - User clicks on the submit button. 
11-22-2022 22:50:10 YourStorePage.java INFO  [TestNG-test=Selenium OPEN_CART (Marionette Firefox)-3] pages.CheckOutPage 115 - User clicks on the shopping cart button. 
11-22-2022 22:50:11 YourStorePage.java INFO  [TestNG-test=Selenium OPEN_CART (Marionette Firefox)-2] pages.CheckOutPage 82 - User navigates on the contact us page. 
11-22-2022 22:50:11 ContactUsPage.java INFO  [TestNG-test=Selenium OPEN_CART (Marionette Firefox)-2] pages.CheckOutPage 69 - User types the full names. 
11-22-2022 22:50:11 ContactUsPage.java INFO  [TestNG-test=Selenium OPEN_CART (Marionette Firefox)-2] pages.CheckOutPage 73 - User types an email. 
11-22-2022 22:50:11 ContactUsPage.java INFO  [TestNG-test=Selenium OPEN_CART (Marionette Firefox)-2] pages.CheckOutPage 77 - User types an enquiry. 
11-22-2022 22:50:11 ContactUsPage.java INFO  [TestNG-test=Selenium OPEN_CART (Marionette Firefox)-2] pages.CheckOutPage 81 - User clicks on the submit button. 
11-22-2022 22:50:11 MyAccountPage.java INFO  [TestNG-test=Selenium OPEN_CART (Marionette Firefox)-4] pages.CheckOutPage 25 -  =====> My Account Link has been displayed <===== 
 =====> My Account <===== 
]]></system-out>
    <system-err><![CDATA[1669186209676	Marionette	INFO	Stopped listening on port 57952
1669186210212	geckodriver	INFO	Listening on 127.0.0.1:43931
1669186210271	mozrunner::runner	INFO	Running command: "/Applications/Firefox.app/Contents/MacOS/firefox-bin" "--marionette" "--headless" "window-size=1400,1000" "--remote-debugging-port" "4164" "--remote-allow-hosts" "localhost" "--remote-allow-origins" "http://127.0.0.1:4164/,http://localhost:4164/,http://[::1]:4164/" "-foreground" "-no-remote" "-profile" "/var/folders/4y/z4q6qpkd1p1fj9znbkpvjzl40000gn/T/rust_mozprofilesHPiil"
*** You are running in headless mode.
1669186210701	Marionette	INFO	Marionette enabled
1669186210726	Marionette	INFO	Listening on port 58382
Read port: 58382
console.warn: LoginRecipes: "Falling back to a synchronous message for: https://naveenautomationlabs.com."
console.warn: LoginRecipes: "Falling back to a synchronous message for: https://naveenautomationlabs.com."
WebDriver BiDi listening on ws://127.0.0.1:4164
1669186210977	RemoteAgent	WARN	TLS certificate errors will be ignored for this session
[GFX1-]: RenderCompositorSWGL failed mapping default framebuffer, no dt
console.warn: LoginRecipes: "Falling back to a synchronous message for: https://naveenautomationlabs.com."
console.warn: SearchSettings: "get: No settings file exists, new profile?" (new NotFoundError("Could not open the file at /var/folders/4y/z4q6qpkd1p1fj9znbkpvjzl40000gn/T/rust_mozprofilesHPiil/search.json.mozlz4", (void 0)))
]]></system-err>
  </testcase>
  <testcase name="doLoginNotExistingCredentialsTest" classname="com.qa.opencart.test.LoginPageTest" time="0.967">
    <system-out><![CDATA[=====> getCurrencyTest Test is successful <===== 
 =====> Selenium Firefox Headless <===== 
=====> doLoginNotExistingCredentialsTest Test started <===== 
11-22-2022 22:50:16 YourStorePage.java INFO  [TestNG-test=Selenium OPEN_CART (Marionette Firefox)-4] pages.CheckOutPage 136 - User clicks on the my account button. 
11-22-2022 22:50:16 YourStorePage.java INFO  [TestNG-test=Selenium OPEN_CART (Marionette Firefox)-4] pages.CheckOutPage 138 - User clicks on the login button. 
=====> doContactUsInvalidYourNameMinimumValueTest Test started <===== 
11-22-2022 22:50:16 YourStorePage.java INFO  [TestNG-test=Selenium OPEN_CART (Marionette Firefox)-2] pages.CheckOutPage 80 - User clicks on teh contact us icon. 
11-22-2022 22:50:16 YourStorePage.java INFO  [TestNG-test=Selenium OPEN_CART (Marionette Firefox)-4] pages.CheckOutPage 140 - User navigates on the login page. 
11-22-2022 22:50:16 LoginPage.java INFO  [TestNG-test=Selenium OPEN_CART (Marionette Firefox)-4] pages.CheckOutPage 70 - User types an invalid email. 
11-22-2022 22:50:16 YourStorePage.java INFO  [TestNG-test=Selenium OPEN_CART (Marionette Firefox)-2] pages.CheckOutPage 82 - User navigates on the contact us page. 
11-22-2022 22:50:16 ContactUsPage.java INFO  [TestNG-test=Selenium OPEN_CART (Marionette Firefox)-2] pages.CheckOutPage 69 - User types the full names. 
11-22-2022 22:50:16 LoginPage.java INFO  [TestNG-test=Selenium OPEN_CART (Marionette Firefox)-4] pages.CheckOutPage 74 - User types a invalid password. 
11-22-2022 22:50:16 LoginPage.java INFO  [TestNG-test=Selenium OPEN_CART (Marionette Firefox)-4] pages.CheckOutPage 78 - User clicks on the submit button. 
11-22-2022 22:50:16 ContactUsPage.java INFO  [TestNG-test=Selenium OPEN_CART (Marionette Firefox)-2] pages.CheckOutPage 73 - User types an email. 
11-22-2022 22:50:17 ContactUsPage.java INFO  [TestNG-test=Selenium OPEN_CART (Marionette Firefox)-2] pages.CheckOutPage 77 - User types an enquiry. 
11-22-2022 22:50:17 ContactUsPage.java INFO  [TestNG-test=Selenium OPEN_CART (Marionette Firefox)-2] pages.CheckOutPage 81 - User clicks on the submit button. 
11-22-2022 22:50:17 LoginPage.java INFO  [TestNG-test=Selenium OPEN_CART (Marionette Firefox)-4] pages.CheckOutPage 88 - User receives an alert message. 
 =====> Warning: No match for E-Mail Address and/or Password. <===== 
]]></system-out>
    <system-err><![CDATA[1669186215244	Marionette	INFO	Stopped listening on port 58382
DevTools listening on ws://127.0.0.1:1423/devtools/browser/e64e98bc-676a-4d51-be39-dd915d853427
1669186215722	geckodriver	INFO	Listening on 127.0.0.1:14105
1669186215740	mozrunner::runner	INFO	Running command: "/Applications/Firefox.app/Contents/MacOS/firefox-bin" "--marionette" "--headless" "window-size=1400,1000" "--remote-debugging-port" "13017" "--remote-allow-hosts" "localhost" "--remote-allow-origins" "http://127.0.0.1:13017/,http://localhost:13017/,http://[::1]:13017/" "-foreground" "-no-remote" "-profile" "/var/folders/4y/z4q6qpkd1p1fj9znbkpvjzl40000gn/T/rust_mozprofile78hLLE"
*** You are running in headless mode.
1669186216147	Marionette	INFO	Marionette enabled
1669186216184	Marionette	INFO	Listening on port 59163
Read port: 59163
WebDriver BiDi listening on ws://127.0.0.1:13017
1669186216450	RemoteAgent	WARN	TLS certificate errors will be ignored for this session
[GFX1-]: RenderCompositorSWGL failed mapping default framebuffer, no dt
console.warn: SearchSettings: "get: No settings file exists, new profile?" (new NotFoundError("Could not open the file at /var/folders/4y/z4q6qpkd1p1fj9znbkpvjzl40000gn/T/rust_mozprofile78hLLE/search.json.mozlz4", (void 0)))
console.warn: LoginRecipes: "Falling back to a synchronous message for: https://naveenautomationlabs.com."
console.warn: LoginRecipes: "Falling back to a synchronous message for: https://naveenautomationlabs.com."
console.warn: LoginRecipes: "Falling back to a synchronous message for: https://naveenautomationlabs.com."
]]></system-err>
  </testcase>
  <testcase name="doLoginWrongEmailValidPswCredentialsTest" classname="com.qa.opencart.test.LoginPageTest" time="1.281">
    <system-out><![CDATA[=====> doContactUsInvalidYourNameMaximumValueTest Test is successful <===== 
 =====> Warning: No match for E-Mail Address and/or Password. <===== 
]]></system-out>
    <system-err><![CDATA[1669186223224	Marionette	INFO	Stopped listening on port 59574
]]></system-err>
  </testcase>
  <testcase name="doLoginValidEmailWrongPswCredentialsTest" classname="com.qa.opencart.test.LoginPageTest" time="1.159">
    <system-out><![CDATA[=====> doContactUsInvalidEmailAddressTest Test is successful <===== 
11-22-2022 22:50:28 LoginPage.java INFO  [TestNG-test=Selenium OPEN_CART (Marionette Firefox)-4] pages.CheckOutPage 88 - User receives an alert message. 
 =====> Warning: No match for E-Mail Address and/or Password. <===== 
]]></system-out>
    <system-err><![CDATA[1669186228928	Marionette	INFO	Stopped listening on port 60442
]]></system-err>
  </testcase>
  <testcase name="doLoginBetweenOneToFourValidPswCredentialsTest" classname="com.qa.opencart.test.LoginPageTest" time="1.047">
    <system-out><![CDATA[=====> doContactUsInvalidEnquiryMinimumValueTest Test is successful <===== 
11-22-2022 22:50:34 LoginPage.java INFO  [TestNG-test=Selenium OPEN_CART (Marionette Firefox)-4] pages.CheckOutPage 88 - User receives an alert message. 
 =====> Warning: No match for E-Mail Address and/or Password. <===== 
]]></system-out>
    <system-err><![CDATA[1669186234289	Marionette	INFO	Stopped listening on port 61365
]]></system-err>
  </testcase>
  <testcase name="doLoginValidEmailJustNumbersPswCredentialsTest" classname="com.qa.opencart.test.LoginPageTest" time="0.312">
    <system-out><![CDATA[=====> doClickOnTheShoppingCartPage Test is successful <===== 
 =====> Selenium Firefox Headless <===== 
=====> doRegisterNewCustomerMinimumPasswordValueTest Test started <===== 
11-22-2022 22:50:38 YourStorePage.java INFO  [TestNG-test=Selenium OPEN_CART (Marionette Firefox)-3] pages.CheckOutPage 113 - User clicks on the my account button. 
11-22-2022 22:50:38 YourStorePage.java INFO  [TestNG-test=Selenium OPEN_CART (Marionette Firefox)-3] pages.CheckOutPage 115 - User clicks on the shopping cart button. 
=====> doContactUsInvalidEnquiryMaximumValueTest Test started <===== 
11-22-2022 22:50:38 YourStorePage.java INFO  [TestNG-test=Selenium OPEN_CART (Marionette Firefox)-2] pages.CheckOutPage 80 - User clicks on teh contact us icon. 
=====> doLoginValidEmailJustNumbersPswCredentialsTest Test started <===== 
11-22-2022 22:50:38 YourStorePage.java INFO  [TestNG-test=Selenium OPEN_CART (Marionette Firefox)-4] pages.CheckOutPage 136 - User clicks on the my account button. 
11-22-2022 22:50:38 YourStorePage.java INFO  [TestNG-test=Selenium OPEN_CART (Marionette Firefox)-4] pages.CheckOutPage 138 - User clicks on the login button. 
11-22-2022 22:50:39 YourStorePage.java INFO  [TestNG-test=Selenium OPEN_CART (Marionette Firefox)-3] pages.CheckOutPage 117 - User navigates on the register page. 
S}
11-22-2022 22:50:39 RegisterPage.java INFO  [TestNG-test=Selenium OPEN_CART (Marionette Firefox)-3] pages.CheckOutPage 91 - User types the first name. 
11-22-2022 22:50:39 YourStorePage.java INFO  [TestNG-test=Selenium OPEN_CART (Marionette Firefox)-2] pages.CheckOutPage 82 - User navigates on the contact us page. 
11-22-2022 22:50:39 ContactUsPage.java INFO  [TestNG-test=Selenium OPEN_CART (Marionette Firefox)-2] pages.CheckOutPage 69 - User types the full names. 
11-22-2022 22:50:39 RegisterPage.java INFO  [TestNG-test=Selenium OPEN_CART (Marionette Firefox)-3] pages.CheckOutPage 95 - User types the last name. 
11-22-2022 22:50:39 ContactUsPage.java INFO  [TestNG-test=Selenium OPEN_CART (Marionette Firefox)-2] pages.CheckOutPage 73 - User types an email. 
11-22-2022 22:50:39 RegisterPage.java INFO  [TestNG-test=Selenium OPEN_CART (Marionette Firefox)-3] pages.CheckOutPage 99 - User types the email. 
11-22-2022 22:50:39 ContactUsPage.java INFO  [TestNG-test=Selenium OPEN_CART (Marionette Firefox)-2] pages.CheckOutPage 77 - User types an enquiry. 
11-22-2022 22:50:39 RegisterPage.java INFO  [TestNG-test=Selenium OPEN_CART (Marionette Firefox)-3] pages.CheckOutPage 103 - User types the phone number. 
11-22-2022 22:50:39 RegisterPage.java INFO  [TestNG-test=Selenium OPEN_CART (Marionette Firefox)-3] pages.CheckOutPage 107 - User types a password. 
11-22-2022 22:50:39 RegisterPage.java INFO  [TestNG-test=Selenium OPEN_CART (Marionette Firefox)-3] pages.CheckOutPage 111 - User types a confirm password. 
11-22-2022 22:50:39 RegisterPage.java INFO  [TestNG-test=Selenium OPEN_CART (Marionette Firefox)-3] pages.CheckOutPage 115 - User checks agreement checkbox. 
11-22-2022 22:50:39 YourStorePage.java INFO  [TestNG-test=Selenium OPEN_CART (Marionette Firefox)-4] pages.CheckOutPage 140 - User navigates on the login page. 
11-22-2022 22:50:39 LoginPage.java INFO  [TestNG-test=Selenium OPEN_CART (Marionette Firefox)-4] pages.CheckOutPage 70 - User types an invalid email. 
11-22-2022 22:50:39 LoginPage.java INFO  [TestNG-test=Selenium OPEN_CART (Marionette Firefox)-4] pages.CheckOutPage 74 - User types a invalid password. 
11-22-2022 22:50:39 LoginPage.java INFO  [TestNG-test=Selenium OPEN_CART (Marionette Firefox)-4] pages.CheckOutPage 78 - User clicks on the submit button. 
11-22-2022 22:50:39 RegisterPage.java INFO  [TestNG-test=Selenium OPEN_CART (Marionette Firefox)-3] pages.CheckOutPage 118 - User clicks on the submit button. 
=====> doClickOnTheCheckOutPage Test started <===== 
11-22-2022 22:50:39 YourStorePage.java INFO  [TestNG-test=Selenium OPEN_CART (Marionette Firefox)-1] pages.CheckOutPage 129 - User clicks on the my account button. 
11-22-2022 22:50:39 LoginPage.java INFO  [TestNG-test=Selenium OPEN_CART (Marionette Firefox)-4] pages.CheckOutPage 88 - User receives an alert message. 
 =====> Warning: No match for E-Mail Address and/or Password. <===== 
]]></system-out>
    <system-err><![CDATA[1669186234954	Marionette	INFO	Stopped listening on port 61572
1669186234981	RemoteAgent	WARN	TLS certificate errors will be ignored for this session
1669186235249	Marionette	INFO	Marionette enabled
1669186235271	Marionette	INFO	Listening on port 62352
Read port: 62352
1669186235314	Marionette	INFO	Marionette enabled
1669186235376	Marionette	INFO	Listening on port 62355
Read port: 62355
1669186235444	geckodriver	INFO	Listening on 127.0.0.1:2536
1669186235457	mozrunner::runner	INFO	Running command: "/Applications/Firefox.app/Contents/MacOS/firefox-bin" "--marionette" "--headless" "window-size=1400,1000" "--remote-debugging-port" "40947" "--remote-allow-hosts" "localhost" "--remote-allow-origins" "http://127.0.0.1:40947/,http://localhost:40947/,http://[::1]:40947/" "-foreground" "-no-remote" "-profile" "/var/folders/4y/z4q6qpkd1p1fj9znbkpvjzl40000gn/T/rust_mozprofilev4rODE"
*** You are running in headless mode.
[GFX1-]: RenderCompositorSWGL failed mapping default framebuffer, no dt
WebDriver BiDi listening on ws://127.0.0.1:7715
1669186235546	RemoteAgent	WARN	TLS certificate errors will be ignored for this session
WebDriver BiDi listening on ws://127.0.0.1:15116
console.warn: SearchSettings: "get: No settings file exists, new profile?" (new NotFoundError("Could not open the file at /var/folders/4y/z4q6qpkd1p1fj9znbkpvjzl40000gn/T/rust_mozprofiled6LiCt/search.json.mozlz4", (void 0)))
1669186235598	RemoteAgent	WARN	TLS certificate errors will be ignored for this session
1669186235894	Marionette	INFO	Marionette enabled
1669186235931	Marionette	INFO	Listening on port 62525
Read port: 62525
[GFX1-]: RenderCompositorSWGL failed mapping default framebuffer, no dt
[GFX1-]: RenderCompositorSWGL failed mapping default framebuffer, no dt
console.warn: SearchSettings: "get: No settings file exists, new profile?" (new NotFoundError("Could not open the file at /var/folders/4y/z4q6qpkd1p1fj9znbkpvjzl40000gn/T/rust_mozprofilen09s1t/search.json.mozlz4", (void 0)))
WebDriver BiDi listening on ws://127.0.0.1:40947
console.warn: SearchSettings: "get: No settings file exists, new profile?" (new NotFoundError("Could not open the file at /var/folders/4y/z4q6qpkd1p1fj9znbkpvjzl40000gn/T/rust_mozprofilebP4ow2/search.json.mozlz4", (void 0)))
DevTools listening on ws://127.0.0.1:2866/devtools/browser/66734beb-aa1c-42c5-af89-8db8d84cb472
1669186236254	RemoteAgent	WARN	TLS certificate errors will be ignored for this session
[GFX1-]: RenderCompositorSWGL failed mapping default framebuffer, no dt
DevTools listening on ws://127.0.0.1:7715/devtools/browser/3bf733bb-f103-45d8-868d-33538e052e97
console.warn: SearchSettings: "get: No settings file exists, new profile?" (new NotFoundError("Could not open the file at /var/folders/4y/z4q6qpkd1p1fj9znbkpvjzl40000gn/T/rust_mozprofilev4rODE/search.json.mozlz4", (void 0)))
DevTools listening on ws://127.0.0.1:15116/devtools/browser/ccb2c449-3105-4e16-88d8-77d7f85358ec
DevTools listening on ws://127.0.0.1:40947/devtools/browser/22c10d3b-02b2-43e7-90ac-88772eec434f
console.warn: LoginRecipes: "Falling back to a synchronous message for: https://naveenautomationlabs.com."
console.warn: LoginRecipes: "Falling back to a synchronous message for: https://naveenautomationlabs.com."
console.warn: LoginRecipes: "Falling back to a synchronous message for: https://naveenautomationlabs.com."
console.warn: LoginRecipes: "Falling back to a synchronous message for: https://naveenautomationlabs.com."
]]></system-err>
  </testcase>
  <testcase name="doLoginBetweenOneToFourEmailJustNumbersPswCredentialsTest" classname="com.qa.opencart.test.LoginPageTest" time="0.897">
    <system-out><![CDATA[=====> validateNavigationBarsTest Test is successful <===== 
=====> doRegisterNewCustomerMaximumPasswordValueTest Test started <===== 
11-22-2022 22:50:45 YourStorePage.java INFO  [TestNG-test=Selenium OPEN_CART (Marionette Firefox)-3] pages.CheckOutPage 113 - User clicks on the my account button. 
11-22-2022 22:50:45 YourStorePage.java INFO  [TestNG-test=Selenium OPEN_CART (Marionette Firefox)-4] pages.CheckOutPage 138 - User clicks on the login button. 
11-22-2022 22:50:45 YourStorePage.java INFO  [TestNG-test=Selenium OPEN_CART (Marionette Firefox)-3] pages.CheckOutPage 115 - User clicks on the shopping cart button. 
 =====> Selenium Firefox Headless <===== 
11-22-2022 22:50:45 YourStorePage.java INFO  [TestNG-test=Selenium OPEN_CART (Marionette Firefox)-4] pages.CheckOutPage 140 - User navigates on the login page. 
11-22-2022 22:50:45 LoginPage.java INFO  [TestNG-test=Selenium OPEN_CART (Marionette Firefox)-4] pages.CheckOutPage 70 - User types an invalid email. 
11-22-2022 22:50:45 LoginPage.java INFO  [TestNG-test=Selenium OPEN_CART (Marionette Firefox)-4] pages.CheckOutPage 74 - User types a invalid password. 
11-22-2022 22:50:45 LoginPage.java INFO  [TestNG-test=Selenium OPEN_CART (Marionette Firefox)-4] pages.CheckOutPage 78 - User clicks on the submit button. 
11-22-2022 22:50:46 LoginPage.java INFO  [TestNG-test=Selenium OPEN_CART (Marionette Firefox)-4] pages.CheckOutPage 88 - User receives an alert message. 
 =====> Warning: No match for E-Mail Address and/or Password. <===== 
]]></system-out>
    <system-err><![CDATA[1669186245212	Marionette	INFO	Stopped listening on port 63160
1669186245679	geckodriver	INFO	Listening on 127.0.0.1:45379
1669186245689	mozrunner::runner	INFO	Running command: "/Applications/Firefox.app/Contents/MacOS/firefox-bin" "--marionette" "--headless" "window-size=1400,1000" "--remote-debugging-port" "7307" "--remote-allow-hosts" "localhost" "--remote-allow-origins" "http://127.0.0.1:7307/,http://localhost:7307/,http://[::1]:7307/" "-foreground" "-no-remote" "-profile" "/var/folders/4y/z4q6qpkd1p1fj9znbkpvjzl40000gn/T/rust_mozprofiled9qiXp"
*** You are running in headless mode.
console.warn: LoginRecipes: "Falling back to a synchronous message for: https://naveenautomationlabs.com."
console.warn: LoginRecipes: "Falling back to a synchronous message for: https://naveenautomationlabs.com."
1669186246080	Marionette	INFO	Marionette enabled
1669186246097	Marionette	INFO	Listening on port 63506
Read port: 63506
]]></system-err>
  </testcase>
  <testcase name="doLoginInvalidCredentialsTest" classname="com.qa.opencart.test.LoginPageTest" time="1.101">
    <system-out><![CDATA[=====> featuredTest Test is successful <===== 
 =====> Selenium Firefox Headless <===== 
=====> doLoginInvalidCredentialsTest Test started <===== 
11-22-2022 22:50:50 YourStorePage.java INFO  [TestNG-test=Selenium OPEN_CART (Marionette Firefox)-4] pages.CheckOutPage 136 - User clicks on the my account button. 
11-22-2022 22:50:50 YourStorePage.java INFO  [TestNG-test=Selenium OPEN_CART (Marionette Firefox)-4] pages.CheckOutPage 138 - User clicks on the login button. 
11-22-2022 22:50:50 YourStorePage.java INFO  [TestNG-test=Selenium OPEN_CART (Marionette Firefox)-4] pages.CheckOutPage 140 - User navigates on the login page. 
11-22-2022 22:50:50 LoginPage.java INFO  [TestNG-test=Selenium OPEN_CART (Marionette Firefox)-4] pages.CheckOutPage 70 - User types an invalid email. 
11-22-2022 22:50:50 LoginPage.java INFO  [TestNG-test=Selenium OPEN_CART (Marionette Firefox)-4] pages.CheckOutPage 74 - User types a invalid password. 
11-22-2022 22:50:50 LoginPage.java INFO  [TestNG-test=Selenium OPEN_CART (Marionette Firefox)-4] pages.CheckOutPage 78 - User clicks on the submit button. 
11-22-2022 22:50:51 LoginPage.java INFO  [TestNG-test=Selenium OPEN_CART (Marionette Firefox)-4] pages.CheckOutPage 88 - User receives an alert message. 
 =====> Warning: No match for E-Mail Address and/or Password. <===== 
]]></system-out>
    <system-err><![CDATA[1669186249762	Marionette	INFO	Stopped listening on port 63506
1669186250219	geckodriver	INFO	Listening on 127.0.0.1:11024
1669186250230	mozrunner::runner	INFO	Running command: "/Applications/Firefox.app/Contents/MacOS/firefox-bin" "--marionette" "--headless" "window-size=1400,1000" "--remote-debugging-port" "17604" "--remote-allow-hosts" "localhost" "--remote-allow-origins" "http://127.0.0.1:17604/,http://localhost:17604/,http://[::1]:17604/" "-foreground" "-no-remote" "-profile" "/var/folders/4y/z4q6qpkd1p1fj9znbkpvjzl40000gn/T/rust_mozprofileVg7mby"
*** You are running in headless mode.
1669186250635	Marionette	INFO	Marionette enabled
1669186250653	Marionette	INFO	Listening on port 64182
WebDriver BiDi listening on ws://127.0.0.1:17604
Read port: 64182
1669186250912	RemoteAgent	WARN	TLS certificate errors will be ignored for this session
console.warn: LoginRecipes: "Falling back to a synchronous message for: https://naveenautomationlabs.com."
console.warn: LoginRecipes: "Falling back to a synchronous message for: https://naveenautomationlabs.com."
]]></system-err>
  </testcase>
  <testcase name="doLogOutTest" classname="com.qa.opencart.test.LoginPageTest" time="2.044">
    <system-out><![CDATA[=====> adsQuantityTest Test is successful <===== 
 =====> Selenium Firefox Headless <===== 
=====> doLogOutTest Test started <===== 
11-22-2022 22:50:55 YourStorePage.java INFO  [TestNG-test=Selenium OPEN_CART (Marionette Firefox)-4] pages.CheckOutPage 136 - User clicks on the my account button. 
11-22-2022 22:50:55 YourStorePage.java INFO  [TestNG-test=Selenium OPEN_CART (Marionette Firefox)-4] pages.CheckOutPage 138 - User clicks on the login button. 
11-22-2022 22:50:56 YourStorePage.java INFO  [TestNG-test=Selenium OPEN_CART (Marionette Firefox)-4] pages.CheckOutPage 140 - User navigates on the login page. 
11-22-2022 22:50:56 LoginPage.java INFO  [TestNG-test=Selenium OPEN_CART (Marionette Firefox)-4] pages.CheckOutPage 57 - User types an email. 
11-22-2022 22:50:56 LoginPage.java INFO  [TestNG-test=Selenium OPEN_CART (Marionette Firefox)-4] pages.CheckOutPage 61 - User types a password. 
11-22-2022 22:50:56 LoginPage.java INFO  [TestNG-test=Selenium OPEN_CART (Marionette Firefox)-4] pages.CheckOutPage 65 - User clicks on the submit button. 
11-22-2022 22:50:56 MyAccountPage.java INFO  [TestNG-test=Selenium OPEN_CART (Marionette Firefox)-4] pages.CheckOutPage 47 - User clicks on the my account button. 
11-22-2022 22:50:57 MyAccountPage.java INFO  [TestNG-test=Selenium OPEN_CART (Marionette Firefox)-4] pages.CheckOutPage 49 - User clicks on the log out button. 
11-22-2022 22:50:57 MyAccountPage.java INFO  [TestNG-test=Selenium OPEN_CART (Marionette Firefox)-4] pages.CheckOutPage 61 -  =====> Account Log Out Link has been displayed <===== 
 =====> Account Logout <===== 
]]></system-out>
    <system-err><![CDATA[1669186253837	Marionette	INFO	Stopped listening on port 64182
1669186254033	Marionette	INFO	Marionette enabled
1669186254051	Marionette	INFO	Listening on port 64639
WebDriver BiDi listening on ws://127.0.0.1:23883
Read port: 64639
1669186254299	RemoteAgent	WARN	TLS certificate errors will be ignored for this session
1669186254304	geckodriver	INFO	Listening on 127.0.0.1:16872
1669186254328	mozrunner::runner	INFO	Running command: "/Applications/Firefox.app/Contents/MacOS/firefox-bin" "--marionette" "--headless" "window-size=1400,1000" "--remote-debugging-port" "24717" "--remote-allow-hosts" "localhost" "--remote-allow-origins" "http://127.0.0.1:24717/,http://localhost:24717/,http://[::1]:24717/" "-foreground" "-no-remote" "-profile" "/var/folders/4y/z4q6qpkd1p1fj9znbkpvjzl40000gn/T/rust_mozprofileiVWbzb"
*** You are running in headless mode.
[GFX1-]: RenderCompositorSWGL failed mapping default framebuffer, no dt
1669186254748	Marionette	INFO	Marionette enabled
1669186254766	Marionette	INFO	Listening on port 64774
Read port: 64774
console.warn: SearchSettings: "get: No settings file exists, new profile?" (new NotFoundError("Could not open the file at /var/folders/4y/z4q6qpkd1p1fj9znbkpvjzl40000gn/T/rust_mozprofile0wGUmB/search.json.mozlz4", (void 0)))
WebDriver BiDi listening on ws://127.0.0.1:24717
1669186255034	RemoteAgent	WARN	TLS certificate errors will be ignored for this session
DevTools listening on ws://127.0.0.1:23883/devtools/browser/b3f0300b-cb62-44cb-b035-ccadbc7879e0
[GFX1-]: RenderCompositorSWGL failed mapping default framebuffer, no dt
console.warn: SearchSettings: "get: No settings file exists, new profile?" (new NotFoundError("Could not open the file at /var/folders/4y/z4q6qpkd1p1fj9znbkpvjzl40000gn/T/rust_mozprofileiVWbzb/search.json.mozlz4", (void 0)))
DevTools listening on ws://127.0.0.1:24717/devtools/browser/0976659f-c8c1-4d4b-a606-38933f448b71
console.warn: LoginRecipes: "Falling back to a synchronous message for: https://naveenautomationlabs.com."
console.warn: LoginRecipes: "Falling back to a synchronous message for: https://naveenautomationlabs.com."
]]></system-err>
  </testcase>
  <testcase name="validateContactUsTitleTest" classname="com.qa.opencart.test.ContactUsPageTest" time="1.222">
    <system-out><![CDATA[=====> validateLoginPageTitleTest Test is successful <===== 
11-22-2022 22:50:05 YourStorePage.java INFO  [TestNG-test=Selenium OPEN_CART (Marionette Firefox)-2] pages.CheckOutPage 82 - User navigates on the contact us page. 
11-22-2022 22:50:05 ContactUsPage.java INFO  [TestNG-test=Selenium OPEN_CART (Marionette Firefox)-2] pages.CheckOutPage 36 - User validates the title page. 
 =====> My Your Page Title Is: Contact Us <===== 
]]></system-out>
    <system-err><![CDATA[1669186205224	mozrunner::runner	INFO	Running command: "/Applications/Firefox.app/Contents/MacOS/firefox-bin" "--marionette" "--headless" "window-size=1400,1000" "--remote-debugging-port" "9329" "--remote-allow-hosts" "localhost" "--remote-allow-origins" "http://127.0.0.1:9329/,http://localhost:9329/,http://[::1]:9329/" "-foreground" "-no-remote" "-profile" "/var/folders/4y/z4q6qpkd1p1fj9znbkpvjzl40000gn/T/rust_mozprofilezGOeZc"
1669186205245	Marionette	INFO	Stopped listening on port 57694
*** You are running in headless mode.
]]></system-err>
  </testcase>
  <testcase name="doContactUsTest" classname="com.qa.opencart.test.ContactUsPageTest" time="1.804">
    <system-out><![CDATA[=====> doLoginValidCredentialsTest Test is successful <===== 
11-22-2022 22:50:11 YourStorePage.java INFO  [TestNG-test=Selenium OPEN_CART (Marionette Firefox)-3] pages.CheckOutPage 117 - User navigates on the register page. 
11-22-2022 22:50:11 RegisterPage.java INFO  [TestNG-test=Selenium OPEN_CART (Marionette Firefox)-3] pages.CheckOutPage 91 - User types the first name. 
11-22-2022 22:50:11 RegisterPage.java INFO  [TestNG-test=Selenium OPEN_CART (Marionette Firefox)-3] pages.CheckOutPage 95 - User types the last name. 
11-22-2022 22:50:11 RegisterPage.java INFO  [TestNG-test=Selenium OPEN_CART (Marionette Firefox)-3] pages.CheckOutPage 99 - User types the email. 
11-22-2022 22:50:11 RegisterPage.java INFO  [TestNG-test=Selenium OPEN_CART (Marionette Firefox)-3] pages.CheckOutPage 103 - User types the phone number. 
11-22-2022 22:50:11 RegisterPage.java INFO  [TestNG-test=Selenium OPEN_CART (Marionette Firefox)-3] pages.CheckOutPage 107 - User types a password. 
11-22-2022 22:50:11 RegisterPage.java INFO  [TestNG-test=Selenium OPEN_CART (Marionette Firefox)-3] pages.CheckOutPage 111 - User types a confirm password. 
11-22-2022 22:50:11 RegisterPage.java INFO  [TestNG-test=Selenium OPEN_CART (Marionette Firefox)-3] pages.CheckOutPage 115 - User checks agreement checkbox. 
 =====> Selenium Firefox Headless <===== 
11-22-2022 22:50:12 ContactUsPage.java INFO  [TestNG-test=Selenium OPEN_CART (Marionette Firefox)-2] pages.CheckOutPage 63 - User receives a success message. 
]]></system-out>
    <system-err><![CDATA[1669186211535	Marionette	INFO	Stopped listening on port 58140
1669186212033	geckodriver	INFO	Listening on 127.0.0.1:36062
1669186212068	mozrunner::runner	INFO	Running command: "/Applications/Firefox.app/Contents/MacOS/firefox-bin" "--marionette" "--headless" "window-size=1400,1000" "--remote-debugging-port" "23712" "--remote-allow-hosts" "localhost" "--remote-allow-origins" "http://127.0.0.1:23712/,http://localhost:23712/,http://[::1]:23712/" "-foreground" "-no-remote" "-profile" "/var/folders/4y/z4q6qpkd1p1fj9znbkpvjzl40000gn/T/rust_mozprofile7ixmqy"
DevTools listening on ws://127.0.0.1:4164/devtools/browser/d3926b49-b957-4bba-98d6-e7b63c69a1c9
*** You are running in headless mode.
]]></system-err>
  </testcase>
  <testcase name="doContactUsInvalidYourNameMinimumValueTest" classname="com.qa.opencart.test.ContactUsPageTest" time="1.233">
    <system-out><![CDATA[=====> doLoginNotExistingCredentialsTest Test is successful <===== 
11-22-2022 22:50:17 ContactUsPage.java INFO  [TestNG-test=Selenium OPEN_CART (Marionette Firefox)-2] pages.CheckOutPage 103 - User receives an alert message. 
 =====> Name must be between 3 and 32 characters! <===== 
]]></system-out>
    <system-err><![CDATA[1669186217375	Marionette	INFO	Stopped listening on port 58574
DevTools listening on ws://127.0.0.1:13017/devtools/browser/06b4192d-434a-42d4-b503-9939f58ff0d0
]]></system-err>
  </testcase>
  <testcase name="doContactUsInvalidYourNameMaximumValueTest" classname="com.qa.opencart.test.ContactUsPageTest" time="1.242">
    <system-out><![CDATA[=====> doRegisterExistingCustomerTest Test is successful <===== 
 =====> Selenium Firefox Headless <===== 
=====> doLoginWrongEmailValidPswCredentialsTest Test started <===== 
=====> doContactUsInvalidYourNameMaximumValueTest Test started <===== 
11-22-2022 22:50:21 YourStorePage.java INFO  [TestNG-test=Selenium OPEN_CART (Marionette Firefox)-4] pages.CheckOutPage 136 - User clicks on the my account button. 
11-22-2022 22:50:22 YourStorePage.java INFO  [TestNG-test=Selenium OPEN_CART (Marionette Firefox)-2] pages.CheckOutPage 80 - User clicks on teh contact us icon. 
11-22-2022 22:50:22 YourStorePage.java INFO  [TestNG-test=Selenium OPEN_CART (Marionette Firefox)-4] pages.CheckOutPage 138 - User clicks on the login button. 
11-22-2022 22:50:22 YourStorePage.java INFO  [TestNG-test=Selenium OPEN_CART (Marionette Firefox)-2] pages.CheckOutPage 82 - User navigates on the contact us page. 
11-22-2022 22:50:22 ContactUsPage.java INFO  [TestNG-test=Selenium OPEN_CART (Marionette Firefox)-2] pages.CheckOutPage 69 - User types the full names. 
11-22-2022 22:50:22 ContactUsPage.java INFO  [TestNG-test=Selenium OPEN_CART (Marionette Firefox)-2] pages.CheckOutPage 73 - User types an email. 
11-22-2022 22:50:22 YourStorePage.java INFO  [TestNG-test=Selenium OPEN_CART (Marionette Firefox)-4] pages.CheckOutPage 140 - User navigates on the login page. 
11-22-2022 22:50:22 LoginPage.java INFO  [TestNG-test=Selenium OPEN_CART (Marionette Firefox)-4] pages.CheckOutPage 70 - User types an invalid email. 
11-22-2022 22:50:22 ContactUsPage.java INFO  [TestNG-test=Selenium OPEN_CART (Marionette Firefox)-2] pages.CheckOutPage 77 - User types an enquiry. 
11-22-2022 22:50:22 ContactUsPage.java INFO  [TestNG-test=Selenium OPEN_CART (Marionette Firefox)-2] pages.CheckOutPage 81 - User clicks on the submit button. 
11-22-2022 22:50:22 LoginPage.java INFO  [TestNG-test=Selenium OPEN_CART (Marionette Firefox)-4] pages.CheckOutPage 74 - User types a invalid password. 
11-22-2022 22:50:22 LoginPage.java INFO  [TestNG-test=Selenium OPEN_CART (Marionette Firefox)-4] pages.CheckOutPage 78 - User clicks on the submit button. 
11-22-2022 22:50:23 ContactUsPage.java INFO  [TestNG-test=Selenium OPEN_CART (Marionette Firefox)-2] pages.CheckOutPage 103 - User receives an alert message. 
 =====> Name must be between 3 and 32 characters! <===== 
11-22-2022 22:50:23 LoginPage.java INFO  [TestNG-test=Selenium OPEN_CART (Marionette Firefox)-4] pages.CheckOutPage 88 - User receives an alert message. 
]]></system-out>
    <system-err><![CDATA[1669186220588	Marionette	INFO	Stopped listening on port 58904
1669186220593	mozrunner::runner	INFO	Running command: "/Applications/Firefox.app/Contents/MacOS/firefox-bin" "--marionette" "--headless" "window-size=1400,1000" "--remote-debugging-port" "29461" "--remote-allow-hosts" "localhost" "--remote-allow-origins" "http://127.0.0.1:29461/,http://localhost:29461/,http://[::1]:29461/" "-foreground" "-no-remote" "-profile" "/var/folders/4y/z4q6qpkd1p1fj9znbkpvjzl40000gn/T/rust_mozprofileOEZf9X"
*** You are running in headless mode.
1669186221014	Marionette	INFO	Marionette enabled
1669186221031	Marionette	INFO	Listening on port 59839
1669186221056	geckodriver	INFO	Listening on 127.0.0.1:23407
1669186221067	mozrunner::runner	INFO	Running command: "/Applications/Firefox.app/Contents/MacOS/firefox-bin" "--marionette" "--headless" "window-size=1400,1000" "--remote-debugging-port" "30708" "--remote-allow-hosts" "localhost" "--remote-allow-origins" "http://127.0.0.1:30708/,http://localhost:30708/,http://[::1]:30708/" "-foreground" "-no-remote" "-profile" "/var/folders/4y/z4q6qpkd1p1fj9znbkpvjzl40000gn/T/rust_mozprofileFYDMWg"
WebDriver BiDi listening on ws://127.0.0.1:29461
Read port: 59839
*** You are running in headless mode.
1669186221295	RemoteAgent	WARN	TLS certificate errors will be ignored for this session
1669186221461	Marionette	INFO	Marionette enabled
1669186221486	Marionette	INFO	Listening on port 60029
Read port: 60029
WebDriver BiDi listening on ws://127.0.0.1:30708
[GFX1-]: RenderCompositorSWGL failed mapping default framebuffer, no dt
1669186221822	RemoteAgent	WARN	TLS certificate errors will be ignored for this session
console.warn: SearchSettings: "get: No settings file exists, new profile?" (new NotFoundError("Could not open the file at /var/folders/4y/z4q6qpkd1p1fj9znbkpvjzl40000gn/T/rust_mozprofileOEZf9X/search.json.mozlz4", (void 0)))
[GFX1-]: RenderCompositorSWGL failed mapping default framebuffer, no dt
console.warn: SearchSettings: "get: No settings file exists, new profile?" (new NotFoundError("Could not open the file at /var/folders/4y/z4q6qpkd1p1fj9znbkpvjzl40000gn/T/rust_mozprofileFYDMWg/search.json.mozlz4", (void 0)))
DevTools listening on ws://127.0.0.1:29461/devtools/browser/9a3ee9a8-31fb-4fa7-9674-2bc9076e2e79
console.warn: LoginRecipes: "Falling back to a synchronous message for: https://naveenautomationlabs.com."
console.warn: LoginRecipes: "Falling back to a synchronous message for: https://naveenautomationlabs.com."
console.warn: LoginRecipes: "Falling back to a synchronous message for: https://naveenautomationlabs.com."
DevTools listening on ws://127.0.0.1:30708/devtools/browser/5d5d18b3-42e9-4f8a-ac09-d2c99c539a13
]]></system-err>
  </testcase>
  <testcase name="doContactUsInvalidEmailAddressTest" classname="com.qa.opencart.test.ContactUsPageTest" time="1.061">
    <system-out><![CDATA[=====> doRegisterNewCustomerMinimumPhoneNumberValueTest Test is successful <===== 
 =====> Selenium Firefox Headless <===== 
=====> doContactUsInvalidEmailAddressTest Test started <===== 
=====> doLoginValidEmailWrongPswCredentialsTest Test started <===== 
11-22-2022 22:50:27 YourStorePage.java INFO  [TestNG-test=Selenium OPEN_CART (Marionette Firefox)-4] pages.CheckOutPage 136 - User clicks on the my account button. 
11-22-2022 22:50:27 YourStorePage.java INFO  [TestNG-test=Selenium OPEN_CART (Marionette Firefox)-2] pages.CheckOutPage 80 - User clicks on teh contact us icon. 
11-22-2022 22:50:28 YourStorePage.java INFO  [TestNG-test=Selenium OPEN_CART (Marionette Firefox)-4] pages.CheckOutPage 138 - User clicks on the login button. 
11-22-2022 22:50:28 YourStorePage.java INFO  [TestNG-test=Selenium OPEN_CART (Marionette Firefox)-2] pages.CheckOutPage 82 - User navigates on the contact us page. 
11-22-2022 22:50:28 ContactUsPage.java INFO  [TestNG-test=Selenium OPEN_CART (Marionette Firefox)-2] pages.CheckOutPage 69 - User types the full names. 
11-22-2022 22:50:28 ContactUsPage.java INFO  [TestNG-test=Selenium OPEN_CART (Marionette Firefox)-2] pages.CheckOutPage 73 - User types an email. 
11-22-2022 22:50:28 ContactUsPage.java INFO  [TestNG-test=Selenium OPEN_CART (Marionette Firefox)-2] pages.CheckOutPage 77 - User types an enquiry. 
11-22-2022 22:50:28 ContactUsPage.java INFO  [TestNG-test=Selenium OPEN_CART (Marionette Firefox)-2] pages.CheckOutPage 81 - User clicks on the submit button. 
11-22-2022 22:50:28 YourStorePage.java INFO  [TestNG-test=Selenium OPEN_CART (Marionette Firefox)-4] pages.CheckOutPage 140 - User navigates on the login page. 
11-22-2022 22:50:28 LoginPage.java INFO  [TestNG-test=Selenium OPEN_CART (Marionette Firefox)-4] pages.CheckOutPage 70 - User types an invalid email. 
11-22-2022 22:50:28 LoginPage.java INFO  [TestNG-test=Selenium OPEN_CART (Marionette Firefox)-4] pages.CheckOutPage 74 - User types a invalid password. 
11-22-2022 22:50:28 LoginPage.java INFO  [TestNG-test=Selenium OPEN_CART (Marionette Firefox)-4] pages.CheckOutPage 78 - User clicks on the submit button. 
11-22-2022 22:50:28 ContactUsPage.java INFO  [TestNG-test=Selenium OPEN_CART (Marionette Firefox)-2] pages.CheckOutPage 103 - User receives an alert message. 
 =====> E-Mail Address does not appear to be valid! <===== 
]]></system-out>
    <system-err><![CDATA[1669186227074	Marionette	INFO	Stopped listening on port 60029
console.warn: SearchSettings: "get: No settings file exists, new profile?" (new NotFoundError("Could not open the file at /var/folders/4y/z4q6qpkd1p1fj9znbkpvjzl40000gn/T/rust_mozprofile0KPd6t/search.json.mozlz4", (void 0)))
1669186227576	geckodriver	INFO	Listening on 127.0.0.1:33077
1669186227603	mozrunner::runner	INFO	Running command: "/Applications/Firefox.app/Contents/MacOS/firefox-bin" "--marionette" "--headless" "window-size=1400,1000" "--remote-debugging-port" "11235" "--remote-allow-hosts" "localhost" "--remote-allow-origins" "http://127.0.0.1:11235/,http://localhost:11235/,http://[::1]:11235/" "-foreground" "-no-remote" "-profile" "/var/folders/4y/z4q6qpkd1p1fj9znbkpvjzl40000gn/T/rust_mozprofileXbX9SH"
*** You are running in headless mode.
DevTools listening on ws://127.0.0.1:15307/devtools/browser/291bf959-a02f-4cfe-80e0-af2a25f13abb
1669186228040	Marionette	INFO	Marionette enabled
1669186228060	Marionette	INFO	Listening on port 60884
Read port: 60884
WebDriver BiDi listening on ws://127.0.0.1:11235
1669186228317	RemoteAgent	WARN	TLS certificate errors will be ignored for this session
console.warn: LoginRecipes: "Falling back to a synchronous message for: https://naveenautomationlabs.com."
console.warn: LoginRecipes: "Falling back to a synchronous message for: https://naveenautomationlabs.com."
console.warn: LoginRecipes: "Falling back to a synchronous message for: https://naveenautomationlabs.com."
[GFX1-]: RenderCompositorSWGL failed mapping default framebuffer, no dt
console.warn: SearchSettings: "get: No settings file exists, new profile?" (new NotFoundError("Could not open the file at /var/folders/4y/z4q6qpkd1p1fj9znbkpvjzl40000gn/T/rust_mozprofileXbX9SH/search.json.mozlz4", (void 0)))
]]></system-err>
  </testcase>
  <testcase name="doContactUsInvalidEnquiryMinimumValueTest" classname="com.qa.opencart.test.ContactUsPageTest" time="0.977">
    <system-out><![CDATA[=====> doRegisterNewCustomerMaximumPhoneNumberValueTest Test is successful <===== 
11-22-2022 22:50:33 ContactUsPage.java INFO  [TestNG-test=Selenium OPEN_CART (Marionette Firefox)-2] pages.CheckOutPage 73 - User types an email. 
11-22-2022 22:50:33 ContactUsPage.java INFO  [TestNG-test=Selenium OPEN_CART (Marionette Firefox)-2] pages.CheckOutPage 77 - User types an enquiry. 
11-22-2022 22:50:33 YourStorePage.java INFO  [TestNG-test=Selenium OPEN_CART (Marionette Firefox)-4] pages.CheckOutPage 140 - User navigates on the login page. 
11-22-2022 22:50:33 LoginPage.java INFO  [TestNG-test=Selenium OPEN_CART (Marionette Firefox)-4] pages.CheckOutPage 70 - User types an invalid email. 
11-22-2022 22:50:33 ContactUsPage.java INFO  [TestNG-test=Selenium OPEN_CART (Marionette Firefox)-2] pages.CheckOutPage 81 - User clicks on the submit button. 
11-22-2022 22:50:33 LoginPage.java INFO  [TestNG-test=Selenium OPEN_CART (Marionette Firefox)-4] pages.CheckOutPage 74 - User types a invalid password. 
[...]
console.warn: LoginRecipes: "Falling back to a synchronous message for: https://naveenautomationlabs.com."
console.warn: LoginRecipes: "Falling back to a synchronous message for: https://naveenautomationlabs.com."
1669186247066	Marionette	INFO	Marionette enabled
1669186247085	Marionette	INFO	Listening on port 63705
WebDriver BiDi listening on ws://127.0.0.1:44913
Read port: 63705
]]></system-err>
  </testcase>
  <testcase name="doRegisterNewCustomerUnmatchedPasswordValueTest" classname="com.qa.opencart.test.RegisterPageTest" time="1.796">
    <system-out><![CDATA[=====> doLoginInvalidCredentialsTest Test is successful <===== 
=====> doRegisterNewCustomerUnmatchedPasswordValueTest Test started <===== 
11-22-2022 22:50:51 YourStorePage.java INFO  [TestNG-test=Selenium OPEN_CART (Marionette Firefox)-3] pages.CheckOutPage 113 - User clicks on the my account button. 
11-22-2022 22:50:51 YourStorePage.java INFO  [TestNG-test=Selenium OPEN_CART (Marionette Firefox)-3] pages.CheckOutPage 115 - User clicks on the shopping cart button. 
 =====> Selenium Firefox Headless <===== 
11-22-2022 22:50:52 YourStorePage.java INFO  [TestNG-test=Selenium OPEN_CART (Marionette Firefox)-3] pages.CheckOutPage 117 - User navigates on the register page. 
11-22-2022 22:50:52 RegisterPage.java INFO  [TestNG-test=Selenium OPEN_CART (Marionette Firefox)-3] pages.CheckOutPage 122 - User types the first name. 
11-22-2022 22:50:52 RegisterPage.java INFO  [TestNG-test=Selenium OPEN_CART (Marionette Firefox)-3] pages.CheckOutPage 126 - User types the last name. 
11-22-2022 22:50:52 RegisterPage.java INFO  [TestNG-test=Selenium OPEN_CART (Marionette Firefox)-3] pages.CheckOutPage 130 - User types the email. 
11-22-2022 22:50:52 RegisterPage.java INFO  [TestNG-test=Selenium OPEN_CART (Marionette Firefox)-3] pages.CheckOutPage 134 - User types the phone number. 
11-22-2022 22:50:52 RegisterPage.java INFO  [TestNG-test=Selenium OPEN_CART (Marionette Firefox)-3] pages.CheckOutPage 138 - User types a password. 
11-22-2022 22:50:52 RegisterPage.java INFO  [TestNG-test=Selenium OPEN_CART (Marionette Firefox)-3] pages.CheckOutPage 142 - User types a confirm password. 
11-22-2022 22:50:52 RegisterPage.java INFO  [TestNG-test=Selenium OPEN_CART (Marionette Firefox)-3] pages.CheckOutPage 146 - User checks agreement checkbox. 
11-22-2022 22:50:52 RegisterPage.java INFO  [TestNG-test=Selenium OPEN_CART (Marionette Firefox)-3] pages.CheckOutPage 149 - User clicks on the submit button. 
11-22-2022 22:50:53 RegisterPage.java INFO  [TestNG-test=Selenium OPEN_CART (Marionette Firefox)-3] pages.CheckOutPage 203 - User receives an alert message. 
 =====> Password confirmation does not match password! <===== 
]]></system-out>
    <system-err><![CDATA[1669186251311	Marionette	INFO	Stopped listening on port 63705
[GFX1-]: RenderCompositorSWGL failed mapping default framebuffer, no dt
console.warn: SearchSettings: "get: No settings file exists, new profile?" (new NotFoundError("Could not open the file at /var/folders/4y/z4q6qpkd1p1fj9znbkpvjzl40000gn/T/rust_mozprofileVg7mby/search.json.mozlz4", (void 0)))
1669186251781	geckodriver	INFO	Listening on 127.0.0.1:48280
1669186251792	mozrunner::runner	INFO	Running command: "/Applications/Firefox.app/Contents/MacOS/firefox-bin" "--marionette" "--headless" "window-size=1400,1000" "--remote-debugging-port" "33179" "--remote-allow-hosts" "localhost" "--remote-allow-origins" "http://127.0.0.1:33179/,http://localhost:33179/,http://[::1]:33179/" "-foreground" "-no-remote" "-profile" "/var/folders/4y/z4q6qpkd1p1fj9znbkpvjzl40000gn/T/rust_mozprofile87QqLT"
*** You are running in headless mode.
DevTools listening on ws://127.0.0.1:17604/devtools/browser/68e89972-6383-460d-ac72-63debf247123
1669186252199	Marionette	INFO	Marionette enabled
1669186252235	Marionette	INFO	Listening on port 64407
Read port: 64407
WebDriver BiDi listening on ws://127.0.0.1:33179
1669186252507	RemoteAgent	WARN	TLS certificate errors will be ignored for this session
console.warn: LoginRecipes: "Falling back to a synchronous message for: https://naveenautomationlabs.com."
console.warn: LoginRecipes: "Falling back to a synchronous message for: https://naveenautomationlabs.com."
[GFX1-]: RenderCompositorSWGL failed mapping default framebuffer, no dt
console.warn: SearchSettings: "get: No settings file exists, new profile?" (new NotFoundError("Could not open the file at /var/folders/4y/z4q6qpkd1p1fj9znbkpvjzl40000gn/T/rust_mozprofile87QqLT/search.json.mozlz4", (void 0)))
]]></system-err>
  </testcase>
  <testcase name="doRegisterNewCustomerMinimumPasswordValueUnmatchedTest" classname="com.qa.opencart.test.RegisterPageTest" time="1.607">
    <system-out><![CDATA[=====> adsTest Test is successful <===== 
11-22-2022 22:50:58 YourStorePage.java INFO  [TestNG-test=Selenium OPEN_CART (Marionette Firefox)-3] pages.CheckOutPage 117 - User navigates on the register page. 
DT
,Qs
11-22-2022 22:50:58 RegisterPage.java INFO  [TestNG-test=Selenium OPEN_CART (Marionette Firefox)-3] pages.CheckOutPage 122 - User types the first name. 
11-22-2022 22:50:58 RegisterPage.java INFO  [TestNG-test=Selenium OPEN_CART (Marionette Firefox)-3] pages.CheckOutPage 126 - User types the last name. 
11-22-2022 22:50:58 RegisterPage.java INFO  [TestNG-test=Selenium OPEN_CART (Marionette Firefox)-3] pages.CheckOutPage 130 - User types the email. 
11-22-2022 22:50:58 RegisterPage.java INFO  [TestNG-test=Selenium OPEN_CART (Marionette Firefox)-3] pages.CheckOutPage 134 - User types the phone number. 
11-22-2022 22:50:58 RegisterPage.java INFO  [TestNG-test=Selenium OPEN_CART (Marionette Firefox)-3] pages.CheckOutPage 138 - User types a password. 
11-22-2022 22:50:58 RegisterPage.java INFO  [TestNG-test=Selenium OPEN_CART (Marionette Firefox)-3] pages.CheckOutPage 142 - User types a confirm password. 
11-22-2022 22:50:58 RegisterPage.java INFO  [TestNG-test=Selenium OPEN_CART (Marionette Firefox)-3] pages.CheckOutPage 146 - User checks agreement checkbox. 
11-22-2022 22:50:59 RegisterPage.java INFO  [TestNG-test=Selenium OPEN_CART (Marionette Firefox)-3] pages.CheckOutPage 149 - User clicks on the submit button. 
11-22-2022 22:50:59 RegisterPage.java INFO  [TestNG-test=Selenium OPEN_CART (Marionette Firefox)-3] pages.CheckOutPage 203 - User receives an alert message. 
 =====> Password must be between 4 and 20 characters! <===== 
]]></system-out>
    <system-err><![CDATA[1669186258056	Marionette	INFO	Stopped listening on port 64774
console.warn: LoginRecipes: "Falling back to a synchronous message for: https://naveenautomationlabs.com."
console.warn: LoginRecipes: "Falling back to a synchronous message for: https://naveenautomationlabs.com."
]]></system-err>
  </testcase>
  <testcase name="doRegisterNewCustomerWithoutAgreementPolicyTest" classname="com.qa.opencart.test.RegisterPageTest" time="1.976">
    <system-out><![CDATA[=====> doRegisterNewCustomerMinimumPasswordValueUnmatchedTest Test is successful <===== 
 =====> Selenium Firefox Headless <===== 
=====> doRegisterNewCustomerWithoutAgreementPolicyTest Test started <===== 
11-22-2022 22:51:03 YourStorePage.java INFO  [TestNG-test=Selenium OPEN_CART (Marionette Firefox)-3] pages.CheckOutPage 113 - User clicks on the my account button. 
11-22-2022 22:51:03 YourStorePage.java INFO  [TestNG-test=Selenium OPEN_CART (Marionette Firefox)-3] pages.CheckOutPage 115 - User clicks on the shopping cart button. 
11-22-2022 22:51:04 YourStorePage.java INFO  [TestNG-test=Selenium OPEN_CART (Marionette Firefox)-3] pages.CheckOutPage 117 - User navigates on the register page. 
11-22-2022 22:51:04 RegisterPage.java INFO  [TestNG-test=Selenium OPEN_CART (Marionette Firefox)-3] pages.CheckOutPage 153 - User types the first name. 
11-22-2022 22:51:05 RegisterPage.java INFO  [TestNG-test=Selenium OPEN_CART (Marionette Firefox)-3] pages.CheckOutPage 157 - User types the last name. 
11-22-2022 22:51:05 RegisterPage.java INFO  [TestNG-test=Selenium OPEN_CART (Marionette Firefox)-3] pages.CheckOutPage 161 - User types the email. 
11-22-2022 22:51:05 RegisterPage.java INFO  [TestNG-test=Selenium OPEN_CART (Marionette Firefox)-3] pages.CheckOutPage 165 - User types the phone number. 
11-22-2022 22:51:05 RegisterPage.java INFO  [TestNG-test=Selenium OPEN_CART (Marionette Firefox)-3] pages.CheckOutPage 169 - User types a password. 
11-22-2022 22:51:05 RegisterPage.java INFO  [TestNG-test=Selenium OPEN_CART (Marionette Firefox)-3] pages.CheckOutPage 173 - User types a confirm password. 
11-22-2022 22:51:05 RegisterPage.java INFO  [TestNG-test=Selenium OPEN_CART (Marionette Firefox)-3] pages.CheckOutPage 177 - User clicks on the submit button. 
11-22-2022 22:51:05 RegisterPage.java INFO  [TestNG-test=Selenium OPEN_CART (Marionette Firefox)-3] pages.CheckOutPage 219 - User receives an warning message. 
 =====> Warning: You must agree to the Privacy Policy! <===== 
]]></system-out>
    <system-err><![CDATA[1669186259479	Marionette	INFO	Stopped listening on port 64639
1669186259950	geckodriver	INFO	Listening on 127.0.0.1:7281
1669186259962	mozrunner::runner	INFO	Running command: "/Applications/Firefox.app/Contents/MacOS/firefox-bin" "--marionette" "--headless" "window-size=1400,1000" "--remote-debugging-port" "35469" "--remote-allow-hosts" "localhost" "--remote-allow-origins" "http://127.0.0.1:35469/,http://localhost:35469/,http://[::1]:35469/" "-foreground" "-no-remote" "-profile" "/var/folders/4y/z4q6qpkd1p1fj9znbkpvjzl40000gn/T/rust_mozprofilevB5mzS"
*** You are running in headless mode.
1669186260363	Marionette	INFO	Marionette enabled
1669186260396	Marionette	INFO	Listening on port 65051
WebDriver BiDi listening on ws://127.0.0.1:35469
Read port: 65051
1669186260650	RemoteAgent	WARN	TLS certificate errors will be ignored for this session
[GFX1-]: RenderCompositorSWGL failed mapping default framebuffer, no dt
console.warn: SearchSettings: "get: No settings file exists, new profile?" (new NotFoundError("Could not open the file at /var/folders/4y/z4q6qpkd1p1fj9znbkpvjzl40000gn/T/rust_mozprofilevB5mzS/search.json.mozlz4", (void 0)))
DevTools listening on ws://127.0.0.1:35469/devtools/browser/c45db80e-9733-42d1-96ac-aba54dc839e3
console.warn: LoginRecipes: "Falling back to a synchronous message for: https://naveenautomationlabs.com."
console.warn: LoginRecipes: "Falling back to a synchronous message for: https://naveenautomationlabs.com."
]]></system-err>
  </testcase>
  <testcase name="doForgotPasswordValidatePageTest" classname="com.qa.opencart.test.RegisterPageTest" time="1.421">
    <system-out><![CDATA[=====> doRegisterNewCustomerWithoutAgreementPolicyTest Test is successful <===== 
 =====> Selenium Firefox Headless <===== 
=====> doForgotPasswordValidatePageTest Test started <===== 
11-22-2022 22:51:09 YourStorePage.java INFO  [TestNG-test=Selenium OPEN_CART (Marionette Firefox)-3] pages.CheckOutPage 113 - User clicks on the my account button. 
11-22-2022 22:51:09 YourStorePage.java INFO  [TestNG-test=Selenium OPEN_CART (Marionette Firefox)-3] pages.CheckOutPage 115 - User clicks on the shopping cart button. 
11-22-2022 22:51:10 YourStorePage.java INFO  [TestNG-test=Selenium OPEN_CART (Marionette Firefox)-3] pages.CheckOutPage 117 - User navigates on the register page. 
11-22-2022 22:51:10 RegisterPage.java INFO  [TestNG-test=Selenium OPEN_CART (Marionette Firefox)-3] pages.CheckOutPage 235 - User clicks on the forgotten password section.
11-22-2022 22:51:10 RegisterPage.java INFO  [TestNG-test=Selenium OPEN_CART (Marionette Firefox)-3] pages.CheckOutPage 245 -  =====> Forgotten Password Link has been displayed <===== 
 =====> Forgot Your Password? <===== 
]]></system-out>
    <system-err><![CDATA[1669186265631	Marionette	INFO	Stopped listening on port 65051
1669186266090	geckodriver	INFO	Listening on 127.0.0.1:16201
1669186266097	mozrunner::runner	INFO	Running command: "/Applications/Firefox.app/Contents/MacOS/firefox-bin" "--marionette" "--headless" "window-size=1400,1000" "--remote-debugging-port" "19531" "--remote-allow-hosts" "localhost" "--remote-allow-origins" "http://127.0.0.1:19531/,http://localhost:19531/,http://[::1]:19531/" "-foreground" "-no-remote" "-profile" "/var/folders/4y/z4q6qpkd1p1fj9znbkpvjzl40000gn/T/rust_mozprofileX8zNyw"
*** You are running in headless mode.
1669186266473	Marionette	INFO	Marionette enabled
1669186266494	Marionette	INFO	Listening on port 65279
Read port: 65279
WebDriver BiDi listening on ws://127.0.0.1:19531
1669186266706	RemoteAgent	WARN	TLS certificate errors will be ignored for this session
[GFX1-]: RenderCompositorSWGL failed mapping default framebuffer, no dt
console.warn: SearchSettings: "get: No settings file exists, new profile?" (new NotFoundError("Could not open the file at /var/folders/4y/z4q6qpkd1p1fj9znbkpvjzl40000gn/T/rust_mozprofileX8zNyw/search.json.mozlz4", (void 0)))
DevTools listening on ws://127.0.0.1:19531/devtools/browser/b6309cdf-02d6-4780-8761-566dd08995d9
console.warn: LoginRecipes: "Falling back to a synchronous message for: https://naveenautomationlabs.com."
]]></system-err>
  </testcase>
  <testcase name="doSendEmailForgotPasswordExistingCustomerTest" classname="com.qa.opencart.test.RegisterPageTest" time="2.3">
    <system-out><![CDATA[=====> doForgotPasswordValidatePageTest Test is successful <===== 
 =====> Selenium Firefox Headless <===== 
=====> doSendEmailForgotPasswordExistingCustomerTest Test started <===== 
11-22-2022 22:51:14 YourStorePage.java INFO  [TestNG-test=Selenium OPEN_CART (Marionette Firefox)-3] pages.CheckOutPage 113 - User clicks on the my account button. 
11-22-2022 22:51:15 YourStorePage.java INFO  [TestNG-test=Selenium OPEN_CART (Marionette Firefox)-3] pages.CheckOutPage 115 - User clicks on the shopping cart button. 
11-22-2022 22:51:15 YourStorePage.java INFO  [TestNG-test=Selenium OPEN_CART (Marionette Firefox)-3] pages.CheckOutPage 117 - User navigates on the register page. 
11-22-2022 22:51:15 RegisterPage.java INFO  [TestNG-test=Selenium OPEN_CART (Marionette Firefox)-3] pages.CheckOutPage 235 - User clicks on the forgotten password section.
11-22-2022 22:51:16 RegisterPage.java WARN  [TestNG-test=Selenium OPEN_CART (Marionette Firefox)-3] pages.CheckOutPage 264 - User types email for sending a new password. 
11-22-2022 22:51:16 RegisterPage.java INFO  [TestNG-test=Selenium OPEN_CART (Marionette Firefox)-3] pages.CheckOutPage 266 - User clicks on the 'Continue' button. 
11-22-2022 22:51:17 RegisterPage.java INFO  [TestNG-test=Selenium OPEN_CART (Marionette Firefox)-3] pages.CheckOutPage 276 - User receives an success message. 
 =====> An email with a confirmation link has been sent your email address. <===== 
]]></system-out>
    <system-err><![CDATA[1669186270943	Marionette	INFO	Stopped listening on port 65279
1669186271402	geckodriver	INFO	Listening on 127.0.0.1:42915
1669186271410	mozrunner::runner	INFO	Running command: "/Applications/Firefox.app/Contents/MacOS/firefox-bin" "--marionette" "--headless" "window-size=1400,1000" "--remote-debugging-port" "22398" "--remote-allow-hosts" "localhost" "--remote-allow-origins" "http://127.0.0.1:22398/,http://localhost:22398/,http://[::1]:22398/" "-foreground" "-no-remote" "-profile" "/var/folders/4y/z4q6qpkd1p1fj9znbkpvjzl40000gn/T/rust_mozprofileBeb377"
*** You are running in headless mode.
1669186271787	Marionette	INFO	Marionette enabled
1669186271805	Marionette	INFO	Listening on port 65516
Read port: 65516
WebDriver BiDi listening on ws://127.0.0.1:22398
1669186272013	RemoteAgent	WARN	TLS certificate errors will be ignored for this session
[GFX1-]: RenderCompositorSWGL failed mapping default framebuffer, no dt
console.warn: SearchSettings: "get: No settings file exists, new profile?" (new NotFoundError("Could not open the file at /var/folders/4y/z4q6qpkd1p1fj9znbkpvjzl40000gn/T/rust_mozprofileBeb377/search.json.mozlz4", (void 0)))
DevTools listening on ws://127.0.0.1:22398/devtools/browser/14b16ed5-594f-4ca6-bf31-ca175fd2f000
JavaScript error: resource://gre/actors/ContentMetaChild.jsm, line 183: InvalidStateError: JSWindowActorChild.sendAsyncMessage: JSWindowActorChild cannot send at the moment
console.warn: LoginRecipes: "Falling back to a synchronous message for: https://naveenautomationlabs.com."
console.warn: LoginRecipes: "Falling back to a synchronous message for: https://naveenautomationlabs.com."
console.warn: LoginRecipes: "Falling back to a synchronous message for: https://naveenautomationlabs.com."
]]></system-err>
  </testcase>
  <testcase name="doSendEmailForgotPasswordNewCustomerTest" classname="com.qa.opencart.test.RegisterPageTest" time="2.007">
    <system-out><![CDATA[=====> doSendEmailForgotPasswordExistingCustomerTest Test is successful <===== 
 =====> Selenium Firefox Headless <===== 
=====> doSendEmailForgotPasswordNewCustomerTest Test started <===== 
11-22-2022 22:51:21 YourStorePage.java INFO  [TestNG-test=Selenium OPEN_CART (Marionette Firefox)-3] pages.CheckOutPage 113 - User clicks on the my account button. 
11-22-2022 22:51:21 YourStorePage.java INFO  [TestNG-test=Selenium OPEN_CART (Marionette Firefox)-3] pages.CheckOutPage 115 - User clicks on the shopping cart button. 
11-22-2022 22:51:22 YourStorePage.java INFO  [TestNG-test=Selenium OPEN_CART (Marionette Firefox)-3] pages.CheckOutPage 117 - User navigates on the register page. 
11-22-2022 22:51:22 RegisterPage.java INFO  [TestNG-test=Selenium OPEN_CART (Marionette Firefox)-3] pages.CheckOutPage 235 - User clicks on the forgotten password section.
11-22-2022 22:51:22 RegisterPage.java WARN  [TestNG-test=Selenium OPEN_CART (Marionette Firefox)-3] pages.CheckOutPage 264 - User types email for sending a new password. 
11-22-2022 22:51:22 RegisterPage.java INFO  [TestNG-test=Selenium OPEN_CART (Marionette Firefox)-3] pages.CheckOutPage 266 - User clicks on the 'Continue' button. 
11-22-2022 22:51:23 RegisterPage.java INFO  [TestNG-test=Selenium OPEN_CART (Marionette Firefox)-3] pages.CheckOutPage 219 - User receives an warning message. 
 =====> Warning: The E-Mail Address was not found in our records, please try again! <===== 
]]></system-out>
    <system-err><![CDATA[1669186277143	Marionette	INFO	Stopped listening on port 65516
console.error: services.settings: 
  main/quicksuggest Signature failed  TypeError: NetworkError: Network request failed
1669186277603	geckodriver	INFO	Listening on 127.0.0.1:12678
1669186277614	mozrunner::runner	INFO	Running command: "/Applications/Firefox.app/Contents/MacOS/firefox-bin" "--marionette" "--headless" "window-size=1400,1000" "--remote-debugging-port" "7730" "--remote-allow-hosts" "localhost" "--remote-allow-origins" "http://127.0.0.1:7730/,http://localhost:7730/,http://[::1]:7730/" "-foreground" "-no-remote" "-profile" "/var/folders/4y/z4q6qpkd1p1fj9znbkpvjzl40000gn/T/rust_mozprofileYUUUvy"
*** You are running in headless mode.
1669186277994	Marionette	INFO	Marionette enabled
1669186278013	Marionette	INFO	Listening on port 49375
Read port: 49375
WebDriver BiDi listening on ws://127.0.0.1:7730
1669186278225	RemoteAgent	WARN	TLS certificate errors will be ignored for this session
[GFX1-]: RenderCompositorSWGL failed mapping default framebuffer, no dt
console.warn: SearchSettings: "get: No settings file exists, new profile?" (new NotFoundError("Could not open the file at /var/folders/4y/z4q6qpkd1p1fj9znbkpvjzl40000gn/T/rust_mozprofileYUUUvy/search.json.mozlz4", (void 0)))
DevTools listening on ws://127.0.0.1:7730/devtools/browser/38096ef9-e360-46a6-8a48-b857d19fbaab
console.warn: LoginRecipes: "Falling back to a synchronous message for: https://naveenautomationlabs.com."
console.warn: LoginRecipes: "Falling back to a synchronous message for: https://naveenautomationlabs.com."
console.warn: LoginRecipes: "Falling back to a synchronous message for: https://naveenautomationlabs.com."
]]></system-err>
  </testcase>
</testsuite>